Replace Part C7 CAP CER 100nF 0805 SMD in D:\_Studies\2025\Skripsie\Altium\BraaiBuddyPCB\06_MCU.SchDoc with CAP CER 100nF 0805 SMD from BraaiBuddyPCB_Schematic_Library.SCHLIB
Replace Part C8 CAP CER 100nF 0805 SMD in D:\_Studies\2025\Skripsie\Altium\BraaiBuddyPCB\06_MCU.SchDoc with CAP CER 100nF 0805 SMD from BraaiBuddyPCB_Schematic_Library.SCHLIB
Replace Part C9 CAP CER 2u2F 0805 SMD in D:\_Studies\2025\Skripsie\Altium\BraaiBuddyPCB\06_MCU.SchDoc with CAP CER 2u2F 0805 SMD from BraaiBuddyPCB_Schematic_Library.SCHLIB
Replace Part C10 CAP CER 10uF 0805 SMD in D:\_Studies\2025\Skripsie\Altium\BraaiBuddyPCB\06_MCU.SchDoc with CAP CER 10uF 0805 SMD from BraaiBuddyPCB_Schematic_Library.SCHLIB
Replace Part C13 CAP CER 10uF 0805 SMD in D:\_Studies\2025\Skripsie\Altium\BraaiBuddyPCB\06_MCU.SchDoc with CAP CER 10uF 0805 SMD from BraaiBuddyPCB_Schematic_Library.SCHLIB
Replace Part C14 CAP CER 100nF 0805 SMD in D:\_Studies\2025\Skripsie\Altium\BraaiBuddyPCB\06_MCU.SchDoc with CAP CER 100nF 0805 SMD from BraaiBuddyPCB_Schematic_Library.SCHLIB
Replace Part J2 CONN USB-C 2.0 16 CONTACT 5A 42V SMD in D:\_Studies\2025\Skripsie\Altium\BraaiBuddyPCB\06_MCU.SchDoc with CONN USB-C 2.0 16 CONTACT 5A 42V SMD from BraaiBuddyPCB_Schematic_Library.SCHLIB
Replace Part J3 SD CARD SOCKET SMD MEM2075-00-140-01-A in D:\_Studies\2025\Skripsie\Altium\BraaiBuddyPCB\06_MCU.SchDoc with SD CARD SOCKET SMD MEM2075-00-140-01-A from BraaiBuddyPCB_Schematic_Library.SCHLIB
Replace Part R21 RES 100K 0805 SMD in D:\_Studies\2025\Skripsie\Altium\BraaiBuddyPCB\06_MCU.SchDoc with RES 100K 0805 SMD from BraaiBuddyPCB_Schematic_Library.SCHLIB
Replace Part R22 RES 100K 0805 SMD in D:\_Studies\2025\Skripsie\Altium\BraaiBuddyPCB\06_MCU.SchDoc with RES 100K 0805 SMD from BraaiBuddyPCB_Schematic_Library.SCHLIB
Replace Part R23 RES 2.2K 0805 SMD in D:\_Studies\2025\Skripsie\Altium\BraaiBuddyPCB\06_MCU.SchDoc with RES 2.2K 0805 SMD from BraaiBuddyPCB_Schematic_Library.SCHLIB
Replace Part R24 RES 2.2K 0805 SMD in D:\_Studies\2025\Skripsie\Altium\BraaiBuddyPCB\06_MCU.SchDoc with RES 2.2K 0805 SMD from BraaiBuddyPCB_Schematic_Library.SCHLIB
Replace Part R25 RES 100K 0805 SMD in D:\_Studies\2025\Skripsie\Altium\BraaiBuddyPCB\06_MCU.SchDoc with RES 100K 0805 SMD from BraaiBuddyPCB_Schematic_Library.SCHLIB
Replace Part R26 RES 10K 0805 SMD in D:\_Studies\2025\Skripsie\Altium\BraaiBuddyPCB\06_MCU.SchDoc with RES 10K 0805 SMD from BraaiBuddyPCB_Schematic_Library.SCHLIB
Replace Part R27 RES 10K 0805 SMD in D:\_Studies\2025\Skripsie\Altium\BraaiBuddyPCB\06_MCU.SchDoc with RES 10K 0805 SMD from BraaiBuddyPCB_Schematic_Library.SCHLIB
Replace Part R28 RES 10K 0805 SMD in D:\_Studies\2025\Skripsie\Altium\BraaiBuddyPCB\06_MCU.SchDoc with RES 10K 0805 SMD from BraaiBuddyPCB_Schematic_Library.SCHLIB
Replace Part R29 RES 10K 0805 SMD in D:\_Studies\2025\Skripsie\Altium\BraaiBuddyPCB\06_MCU.SchDoc with RES 10K 0805 SMD from BraaiBuddyPCB_Schematic_Library.SCHLIB
Replace Part R30 RES 10K 0805 SMD in D:\_Studies\2025\Skripsie\Altium\BraaiBuddyPCB\06_MCU.SchDoc with RES 10K 0805 SMD from BraaiBuddyPCB_Schematic_Library.SCHLIB
Replace Part R31 RES 5.1K 0805 SMD in D:\_Studies\2025\Skripsie\Altium\BraaiBuddyPCB\06_MCU.SchDoc with RES 5.1K 0805 SMD from BraaiBuddyPCB_Schematic_Library.SCHLIB
Replace Part R32 RES 5.1K 0805 SMD in D:\_Studies\2025\Skripsie\Altium\BraaiBuddyPCB\06_MCU.SchDoc with RES 5.1K 0805 SMD from BraaiBuddyPCB_Schematic_Library.SCHLIB
Replace Part TP5 TP 1.5mm PAD in D:\_Studies\2025\Skripsie\Altium\BraaiBuddyPCB\06_MCU.SchDoc with TP 1.5mm PAD from BraaiBuddyPCB_Schematic_Library.SCHLIB
Replace Part TP6 TP 1.5mm PAD in D:\_Studies\2025\Skripsie\Altium\BraaiBuddyPCB\06_MCU.SchDoc with TP 1.5mm PAD from BraaiBuddyPCB_Schematic_Library.SCHLIB
Replace Part TP8 TP 1.5mm PAD in D:\_Studies\2025\Skripsie\Altium\BraaiBuddyPCB\06_MCU.SchDoc with TP 1.5mm PAD from BraaiBuddyPCB_Schematic_Library.SCHLIB
Replace Part TP9 TP 1.5mm PAD in D:\_Studies\2025\Skripsie\Altium\BraaiBuddyPCB\06_MCU.SchDoc with TP 1.5mm PAD from BraaiBuddyPCB_Schematic_Library.SCHLIB
Replace Part U1 ESP32-C6-MINI-1 in D:\_Studies\2025\Skripsie\Altium\BraaiBuddyPCB\06_MCU.SchDoc with ESP32-C6-MINI-1 from BraaiBuddyPCB_Schematic_Library.SCHLIB
