Replace Part C2 CAP CER 100nF 0805 SMD in C:\Users\pdreyer\Desktop\Personal Docs\Estiaan Skripsie\Altium\BraaiBuddyPCB\06_MCU.SchDoc with CAP CER 100nF 0805 SMD from BraaiBuddyPCB_Schematic_Library.SCHLIB
Replace Part C7 CAP CER 100nF 0805 SMD in C:\Users\pdreyer\Desktop\Personal Docs\Estiaan Skripsie\Altium\BraaiBuddyPCB\06_MCU.SchDoc with CAP CER 100nF 0805 SMD from BraaiBuddyPCB_Schematic_Library.SCHLIB
Replace Part C8 CAP CER 2u2F 0805 SMD in C:\Users\pdreyer\Desktop\Personal Docs\Estiaan Skripsie\Altium\BraaiBuddyPCB\06_MCU.SchDoc with CAP CER 2u2F 0805 SMD from BraaiBuddyPCB_Schematic_Library.SCHLIB
Replace Part C9 CAP CER 10uF 0805 SMD in C:\Users\pdreyer\Desktop\Personal Docs\Estiaan Skripsie\Altium\BraaiBuddyPCB\06_MCU.SchDoc with CAP CER 10uF 0805 SMD from BraaiBuddyPCB_Schematic_Library.SCHLIB
Replace Part J2 SD CARD SOCKET SMD MEM2075-00-140-01-A in C:\Users\pdreyer\Desktop\Personal Docs\Estiaan Skripsie\Altium\BraaiBuddyPCB\06_MCU.SchDoc with SD CARD SOCKET SMD MEM2075-00-140-01-A from BraaiBuddyPCB_Schematic_Library.SCHLIB
Replace Part J3 UJ20-C-H-G-MSMT-2-P16-TR in C:\Users\pdreyer\Desktop\Personal Docs\Estiaan Skripsie\Altium\BraaiBuddyPCB\06_MCU.SchDoc with UJ20-C-H-G-MSMT-2-P16-TR from BraaiBuddyPCB_Schematic_Library.SCHLIB
Replace Part R2 RES 2.2K 0805 SMD in C:\Users\pdreyer\Desktop\Personal Docs\Estiaan Skripsie\Altium\BraaiBuddyPCB\06_MCU.SchDoc with RES 2.2K 0805 SMD from BraaiBuddyPCB_Schematic_Library.SCHLIB
Replace Part R3 RES 2.2K 0805 SMD in C:\Users\pdreyer\Desktop\Personal Docs\Estiaan Skripsie\Altium\BraaiBuddyPCB\06_MCU.SchDoc with RES 2.2K 0805 SMD from BraaiBuddyPCB_Schematic_Library.SCHLIB
Replace Part R4 RES 100K 0805 SMD in C:\Users\pdreyer\Desktop\Personal Docs\Estiaan Skripsie\Altium\BraaiBuddyPCB\06_MCU.SchDoc with RES 100K 0805 SMD from BraaiBuddyPCB_Schematic_Library.SCHLIB
Replace Part R10 RES 100K 0805 SMD in C:\Users\pdreyer\Desktop\Personal Docs\Estiaan Skripsie\Altium\BraaiBuddyPCB\06_MCU.SchDoc with RES 100K 0805 SMD from BraaiBuddyPCB_Schematic_Library.SCHLIB
Replace Part R11 RES 100K 0805 SMD in C:\Users\pdreyer\Desktop\Personal Docs\Estiaan Skripsie\Altium\BraaiBuddyPCB\06_MCU.SchDoc with RES 100K 0805 SMD from BraaiBuddyPCB_Schematic_Library.SCHLIB
Replace Part R17 RES 5.1K 0805 SMD in C:\Users\pdreyer\Desktop\Personal Docs\Estiaan Skripsie\Altium\BraaiBuddyPCB\06_MCU.SchDoc with RES 5.1K 0805 SMD from BraaiBuddyPCB_Schematic_Library.SCHLIB
Replace Part R18 RES 5.1K 0805 SMD in C:\Users\pdreyer\Desktop\Personal Docs\Estiaan Skripsie\Altium\BraaiBuddyPCB\06_MCU.SchDoc with RES 5.1K 0805 SMD from BraaiBuddyPCB_Schematic_Library.SCHLIB
Replace Part S1 TS02-66-43-BK-100-LCR-D in C:\Users\pdreyer\Desktop\Personal Docs\Estiaan Skripsie\Altium\BraaiBuddyPCB\06_MCU.SchDoc with TS02-66-43-BK-100-LCR-D from BraaiBuddyPCB_Schematic_Library.SCHLIB
Replace Part S2 TS02-66-43-BK-100-LCR-D in C:\Users\pdreyer\Desktop\Personal Docs\Estiaan Skripsie\Altium\BraaiBuddyPCB\06_MCU.SchDoc with TS02-66-43-BK-100-LCR-D from BraaiBuddyPCB_Schematic_Library.SCHLIB
Replace Part TP1 TP 1.5mm PAD in C:\Users\pdreyer\Desktop\Personal Docs\Estiaan Skripsie\Altium\BraaiBuddyPCB\06_MCU.SchDoc with TP 1.5mm PAD from BraaiBuddyPCB_Schematic_Library.SCHLIB
Replace Part TP2 TP 1.5mm PAD in C:\Users\pdreyer\Desktop\Personal Docs\Estiaan Skripsie\Altium\BraaiBuddyPCB\06_MCU.SchDoc with TP 1.5mm PAD from BraaiBuddyPCB_Schematic_Library.SCHLIB
Replace Part TP3 TP 1.5mm PAD in C:\Users\pdreyer\Desktop\Personal Docs\Estiaan Skripsie\Altium\BraaiBuddyPCB\06_MCU.SchDoc with TP 1.5mm PAD from BraaiBuddyPCB_Schematic_Library.SCHLIB
Replace Part TP4 TP 1.5mm PAD in C:\Users\pdreyer\Desktop\Personal Docs\Estiaan Skripsie\Altium\BraaiBuddyPCB\06_MCU.SchDoc with TP 1.5mm PAD from BraaiBuddyPCB_Schematic_Library.SCHLIB
Replace Part TP5 TP 1.5mm PAD in C:\Users\pdreyer\Desktop\Personal Docs\Estiaan Skripsie\Altium\BraaiBuddyPCB\06_MCU.SchDoc with TP 1.5mm PAD from BraaiBuddyPCB_Schematic_Library.SCHLIB
Replace Part TP6 TP 1.5mm PAD in C:\Users\pdreyer\Desktop\Personal Docs\Estiaan Skripsie\Altium\BraaiBuddyPCB\06_MCU.SchDoc with TP 1.5mm PAD from BraaiBuddyPCB_Schematic_Library.SCHLIB
Replace Part TP7 TP 1.5mm PAD in C:\Users\pdreyer\Desktop\Personal Docs\Estiaan Skripsie\Altium\BraaiBuddyPCB\06_MCU.SchDoc with TP 1.5mm PAD from BraaiBuddyPCB_Schematic_Library.SCHLIB
Replace Part TP8 TP 1.5mm PAD in C:\Users\pdreyer\Desktop\Personal Docs\Estiaan Skripsie\Altium\BraaiBuddyPCB\06_MCU.SchDoc with TP 1.5mm PAD from BraaiBuddyPCB_Schematic_Library.SCHLIB
Replace Part U1 ESP32-C6-MINI-1 in C:\Users\pdreyer\Desktop\Personal Docs\Estiaan Skripsie\Altium\BraaiBuddyPCB\06_MCU.SchDoc with ESP32-C6-MINI-1 from BraaiBuddyPCB_Schematic_Library.SCHLIB
