Change component parameters: Designator = "U2.1" ("U2"); Footprint = "QFN65P500X500X100-21N"; UniqueID = "\ETLJRAYN\CCPDXZRG\NXJRXYKG" ("\ETLJRAYN\CCPDXZRG\NXJRXYKG")
Change component parameters (AddParameter): Name = "Availability"; Value = "Unavailable"; VariantName = "[No Variations]"
Change component parameters (AddParameter): Name = "ComponentLink1Description"; Value = "Datasheet"; VariantName = "[No Variations]"
Change component parameters (AddParameter): Name = "ComponentLink1URL"; Value = "https://www.mouser.co.za/datasheet/2/268/MCP960X_L0X_RL0X_Thermocouple_EMF_to_Temperature_C-3443378.pdf"; VariantName = "[No Variations]"
Change component parameters (AddParameter): Name = "Manufacturer_Part_Number"; Value = "MCP9600-E/MX"; VariantName = "[No Variations]"
Change component parameters (AddParameter): Name = "MP"; Value = "MCP9600-I/MX"; VariantName = "[No Variations]"
Change component parameters (AddParameter): Name = "Value"; Value = ""; VariantName = "[No Variations]"
Change component parameters: Designator = "U2.2" ("U2"); Footprint = "QFN65P500X500X100-21N"; UniqueID = "\ETLJRAYN\BCSGPIJT\NXJRXYKG" ("\ETLJRAYN\BCSGPIJT\NXJRXYKG")
Change component parameters (AddParameter): Name = "Availability"; Value = "Unavailable"; VariantName = "[No Variations]"
Change component parameters (AddParameter): Name = "ComponentLink1Description"; Value = "Datasheet"; VariantName = "[No Variations]"
Change component parameters (AddParameter): Name = "ComponentLink1URL"; Value = "https://www.mouser.co.za/datasheet/2/268/MCP960X_L0X_RL0X_Thermocouple_EMF_to_Temperature_C-3443378.pdf"; VariantName = "[No Variations]"
Change component parameters (AddParameter): Name = "Manufacturer_Part_Number"; Value = "MCP9600-E/MX"; VariantName = "[No Variations]"
Change component parameters (AddParameter): Name = "MP"; Value = "MCP9600-I/MX"; VariantName = "[No Variations]"
Change component parameters (AddParameter): Name = "Value"; Value = ""; VariantName = "[No Variations]"
Change component parameters: Designator = "U2.3" ("U2"); Footprint = "QFN65P500X500X100-21N"; UniqueID = "\ETLJRAYN\JQROSKKK\NXJRXYKG" ("\ETLJRAYN\JQROSKKK\NXJRXYKG")
Change component parameters (AddParameter): Name = "Availability"; Value = "Unavailable"; VariantName = "[No Variations]"
Change component parameters (AddParameter): Name = "ComponentLink1Description"; Value = "Datasheet"; VariantName = "[No Variations]"
Change component parameters (AddParameter): Name = "ComponentLink1URL"; Value = "https://www.mouser.co.za/datasheet/2/268/MCP960X_L0X_RL0X_Thermocouple_EMF_to_Temperature_C-3443378.pdf"; VariantName = "[No Variations]"
Change component parameters (AddParameter): Name = "Manufacturer_Part_Number"; Value = "MCP9600-E/MX"; VariantName = "[No Variations]"
Change component parameters (AddParameter): Name = "MP"; Value = "MCP9600-I/MX"; VariantName = "[No Variations]"
Change component parameters (AddParameter): Name = "Value"; Value = ""; VariantName = "[No Variations]"
Change component parameters: Designator = "U2.4" ("U2"); Footprint = "QFN65P500X500X100-21N"; UniqueID = "\ETLJRAYN\JGPVGMAJ\NXJRXYKG" ("\ETLJRAYN\JGPVGMAJ\NXJRXYKG")
Change component parameters (AddParameter): Name = "Availability"; Value = "Unavailable"; VariantName = "[No Variations]"
Change component parameters (AddParameter): Name = "ComponentLink1Description"; Value = "Datasheet"; VariantName = "[No Variations]"
Change component parameters (AddParameter): Name = "ComponentLink1URL"; Value = "https://www.mouser.co.za/datasheet/2/268/MCP960X_L0X_RL0X_Thermocouple_EMF_to_Temperature_C-3443378.pdf"; VariantName = "[No Variations]"
Change component parameters (AddParameter): Name = "Manufacturer_Part_Number"; Value = "MCP9600-E/MX"; VariantName = "[No Variations]"
Change component parameters (AddParameter): Name = "MP"; Value = "MCP9600-I/MX"; VariantName = "[No Variations]"
Change component parameters (AddParameter): Name = "Value"; Value = ""; VariantName = "[No Variations]"
Change component parameters: Designator = "U2.5" ("U2"); Footprint = "QFN65P500X500X100-21N"; UniqueID = "\ETLJRAYN\BJKIJVYK\NXJRXYKG" ("\ETLJRAYN\BJKIJVYK\NXJRXYKG")
Change component parameters (AddParameter): Name = "Availability"; Value = "Unavailable"; VariantName = "[No Variations]"
Change component parameters (AddParameter): Name = "ComponentLink1Description"; Value = "Datasheet"; VariantName = "[No Variations]"
Change component parameters (AddParameter): Name = "ComponentLink1URL"; Value = "https://www.mouser.co.za/datasheet/2/268/MCP960X_L0X_RL0X_Thermocouple_EMF_to_Temperature_C-3443378.pdf"; VariantName = "[No Variations]"
Change component parameters (AddParameter): Name = "Manufacturer_Part_Number"; Value = "MCP9600-E/MX"; VariantName = "[No Variations]"
Change component parameters (AddParameter): Name = "MP"; Value = "MCP9600-I/MX"; VariantName = "[No Variations]"
Change component parameters (AddParameter): Name = "Value"; Value = ""; VariantName = "[No Variations]"
Added Pin To Net: NetName=SD_CD Pin=TP9-TP
Added Pin To Net: NetName=SD_CD Pin=U1-10
Change Net Color : Old Net Color=RGB(255, 153, 51) New Net Color=RGB(255, 153, 51)
Change Net Color : Old Net Color=RGB(0, 204, 0) New Net Color=RGB(0, 204, 0)
