Removed Pin From Net: NetName=IO7/SCL Pin=R28.1-1
Removed Pin From Net: NetName=IO7/SCL Pin=R28.2-1
Removed Pin From Net: NetName=IO7/SCL Pin=R28.3-1
Removed Pin From Net: NetName=IO7/SCL Pin=R28.4-1
Removed Pin From Net: NetName=IO7/SCL Pin=R28.5-1
Removed Pin From Net: NetName=IO6/SDA Pin=R29.1-1
Removed Pin From Net: NetName=IO6/SDA Pin=R29.2-1
Removed Pin From Net: NetName=IO6/SDA Pin=R29.3-1
Removed Pin From Net: NetName=IO6/SDA Pin=R29.4-1
Removed Pin From Net: NetName=IO6/SDA Pin=R29.5-1
Removed Member From Class: ClassName=Temp_Handling_ CH1 Member=R28.1
Removed Member From Class: ClassName=Temp_Handling_ CH2 Member=R28.2
Removed Member From Class: ClassName=Temp_Handling_ CH3 Member=R28.3
Removed Member From Class: ClassName=Temp_Handling_ CH4 Member=R28.4
Removed Member From Class: ClassName=Temp_Handling_ CH5 Member=R28.5
Removed Member From Class: ClassName=Temp_Handling_ CH1 Member=R29.1
Removed Member From Class: ClassName=Temp_Handling_ CH2 Member=R29.2
Removed Member From Class: ClassName=Temp_Handling_ CH3 Member=R29.3
Removed Member From Class: ClassName=Temp_Handling_ CH4 Member=R29.4
Removed Member From Class: ClassName=Temp_Handling_ CH5 Member=R29.5
Add Pin To Net: Unknown Pin: Pin U1-49.1
Add Pin To Net: Unknown Pin: Pin U1-49.2
Add Pin To Net: Unknown Pin: Pin U1-49.3
Add Pin To Net: Unknown Pin: Pin U1-49.4
Add Pin To Net: Unknown Pin: Pin U1-49.5
Add Pin To Net: Unknown Pin: Pin U1-49.6
Add Pin To Net: Unknown Pin: Pin U1-49.7
Add Pin To Net: Unknown Pin: Pin U1-49.8
Add Pin To Net: Unknown Pin: Pin U1-49.9
Added Pin To Net: NetName=IO7/SCL Pin=U2.1-19
Added Pin To Net: NetName=IO6/SDA Pin=U2.1-20
Added Pin To Net: NetName=IO7/SCL Pin=U2.2-19
Added Pin To Net: NetName=IO6/SDA Pin=U2.2-20
Added Pin To Net: NetName=IO7/SCL Pin=U2.3-19
Added Pin To Net: NetName=IO6/SDA Pin=U2.3-20
Added Pin To Net: NetName=IO7/SCL Pin=U2.4-19
Added Pin To Net: NetName=IO6/SDA Pin=U2.4-20
Added Pin To Net: NetName=IO7/SCL Pin=U2.5-19
Added Pin To Net: NetName=IO6/SDA Pin=U2.5-20
