Removed Pin From Net: NetName=NetBOOT?_3,4 Pin=C?-1
Change Component DesignItemId : Designator=R5 Old DesignItemId=200k_0805_Res New DesignItemId=RES 200K 0805 SMD
Change Component DesignItemId : Designator=J1 Old DesignItemId=1769 New DesignItemId=I/O JST-PH 2-PIN SMT
Change Component Comment : Designator=J1 Old Comment=1769 New Comment=I/O JST-PH 2-PIN SMT
Change Component Designator: OldDesignator=C? NewDesignator=C4
Change Component Designator: OldDesignator=C? NewDesignator=C5
Change Component Designator: OldDesignator=C? NewDesignator=C6
Change Component Library : Designator=J1 Old Library=* New Library=BraaiBuddyPCB_Schematic_Library.SCHLIB
Change component parameters: Designator = "J1" ("J1"); Footprint = "1769"; UniqueID = "\RRTRRDMI\LPAANYQC" ("\RRTRRDMI\LPAANYQC")
Change component parameters (AddParameter): Name = "Arrow Part Number"; Value = "1769"; VariantName = "[No Variations]"
Change component parameters (AddParameter): Name = "Arrow Price/Stock"; Value = "https://www.arrow.com/en/products/1769/adafruit-industries?utm_currency=USD&region=nac"; VariantName = "[No Variations]"
Change component parameters (AddParameter): Name = "Datasheet Link"; Value = "https://cdn-shop.adafruit.com/datasheets/17311.pdf"; VariantName = "[No Variations]"
Change component parameters (AddParameter): Name = "Height"; Value = "5.5mm"; VariantName = "[No Variations]"
Change component parameters (AddParameter): Name = "Manufacturer_Name"; Value = "Adafruit"; VariantName = "[No Variations]"
Change component parameters (AddParameter): Name = "Manufacturer_Part_Number"; Value = "1769"; VariantName = "[No Variations]"
Change component parameters (AddParameter): Name = "Mouser Part Number"; Value = "485-1769"; VariantName = "[No Variations]"
Change component parameters (AddParameter): Name = "Mouser Price/Stock"; Value = "https://www.mouser.co.uk/ProductDetail/Adafruit/1769?qs=GURawfaeGuBbgoGtf2XstA%3D%3D"; VariantName = "[No Variations]"
Change component parameters: Designator = "R5" ("R5"); Footprint = "RESC2012X60N"; UniqueID = "\RRTRRDMI\OANVYFOR" ("\RRTRRDMI\OANVYFOR")
Change component parameters (AddParameter): Name = "Arrow Part Number"; Value = ""; VariantName = "[No Variations]"
Change component parameters (AddParameter): Name = "Arrow Price/Stock"; Value = ""; VariantName = "[No Variations]"
Change component parameters (AddParameter): Name = "Datasheet Link"; Value = "https://www.mouser.ch/datasheet/2/219/SG73P-1829847.pdf"; VariantName = "[No Variations]"
Change component parameters (AddParameter): Name = "Height"; Value = "0.6mm"; VariantName = "[No Variations]"
Change component parameters (AddParameter): Name = "Manufacturer_Name"; Value = "KOA Speer"; VariantName = "[No Variations]"
Change component parameters (AddParameter): Name = "Manufacturer_Part_Number"; Value = "SG73P2ATTD2003F"; VariantName = "[No Variations]"
Change component parameters (AddParameter): Name = "Mouser Part Number"; Value = "660-SG73P2ATTD2003F"; VariantName = "[No Variations]"
Change component parameters (AddParameter): Name = "Mouser Price/Stock"; Value = "https://www.mouser.co.uk/ProductDetail/KOA-Speer/SG73P2ATTD2003F?qs=0U9fANxrh6nXGXRg%2FonPow%3D%3D"; VariantName = "[No Variations]"
Change component parameters: Designator = "U1" ("U1"); Footprint = "ESP32C6MINI1H8"; UniqueID = "\CHZBZPDI\LLYSFVIJ" ("\CHZBZPDI\LLYSFVIJ")
Change component parameters (AddParameter): Name = "ComponentLink1Description"; Value = "Datasheet"; VariantName = "[No Variations]"
Change component parameters (AddParameter): Name = "ComponentLink1URL"; Value = "https://www.mouser.com/catalog/specsheets/Espressif_Systems_esp32-c6-mini-1_mini-1u_datasheet_en.pdf?_gl=1*19bxwy9*_gcl_aw*R0NMLjE3Mzk0MzM2MTQuQ2p3S0NBaUFxckc5QmhBVkVpd0FhUHU1emlsTWRuRXdaa2Fsd2VWNEN5MzNjMjVBX1BkRDhocTJZbnRtek0tckw4Q0pVVXJTcmNRbGdob0NCcXNRQXZEX0J3RQ..*_gcl_au*NzczNTE0OTU0LjE3MzMzMDQzMDk.*_ga*MjEzMDEzNzc2Mi4xNzMzMzA0NDkw*_ga_15W4STQT4T*MTczOTg5NjczNC4yNS4xLjE3Mzk4OTY4MzEuNTUuMC4w"; VariantName = "[No Variations]"
Change component parameters (AddParameter): Name = "DeviceName"; Value = ""; VariantName = "[No Variations]"
Change component parameters (AddParameter): Name = "DeviceSetName"; Value = "ESP32-C6-MINI-1"; VariantName = "[No Variations]"
Change component parameters (AddParameter): Name = "GateName_1"; Value = "G$1"; VariantName = "[No Variations]"
Change component parameters (AddParameter): Name = "LibraryName"; Value = "ESP32-C6-MINI-1"; VariantName = "[No Variations]"
Change component parameters (AddParameter): Name = "Package"; Value = "ESP32-C6-MINI-1"; VariantName = "[No Variations]"
Change component parameters (AddParameter): Name = "PROD_ID"; Value = "IC-19033"; VariantName = "[No Variations]"
Change component parameters (AddParameter): Name = "SymbolName_1"; Value = "ESP32-C6-MINI-1"; VariantName = "[No Variations]"
Add Component: Footprint Not Found TACTILE_SWITCH_SMD_4.6X2.8MM
Add Component: Footprint Not Found 0402-TIGHT
Add Component: Footprint Not Found 0402-TIGHT
Added Component: Designator=D1(SOD2512X113N)
Add component (AddParameter): Name = "Arrow Part Number"; Value = "BAT20JFILM"; VariantName = "[No Variations]"
Add component (AddParameter): Name = "Arrow Price/Stock"; Value = "https://www.arrow.com/en/products/bat20jfilm/stmicroelectronics?utm_currency=USD&region=nac"; VariantName = "[No Variations]"
Add component (AddParameter): Name = "ComponentLink1Description"; Value = "Datasheet"; VariantName = "[No Variations]"
Add component (AddParameter): Name = "ComponentLink1URL"; Value = "http://www.st.com/web/en/resource/technical/document/datasheet/CD00012201.pdf"; VariantName = "[No Variations]"
Add component (AddParameter): Name = "Datasheet Link"; Value = "http://www.st.com/web/en/resource/technical/document/datasheet/CD00012201.pdf"; VariantName = "[No Variations]"
Add component (AddParameter): Name = "Height"; Value = "1.13mm"; VariantName = "[No Variations]"
Add component (AddParameter): Name = "Manufacturer_Name"; Value = "STMicroelectronics"; VariantName = "[No Variations]"
Add component (AddParameter): Name = "Manufacturer_Part_Number"; Value = "BAT20JFILM"; VariantName = "[No Variations]"
Add component (AddParameter): Name = "Mouser Part Number"; Value = "511-BAT20JFILM"; VariantName = "[No Variations]"
Add component (AddParameter): Name = "Mouser Price/Stock"; Value = "https://www.mouser.co.uk/ProductDetail/STMicroelectronics/BAT20JFILM?qs=6cWmAGMIEBzKXM4JcoRdbw%3D%3D"; VariantName = "[No Variations]"
Add Component: Footprint Not Found LED-0603
Add Component: Footprint Not Found LED-0603
Add Component: Footprint Not Found SMT-JUMPER_3_2-NC_TRACE_SILK
Added Component: Designator=IC3(SOT95P270X145-5N)
Add component (AddParameter): Name = "Arrow Part Number"; Value = "MCP73831T-2ACI/OT"; VariantName = "[No Variations]"
Add component (AddParameter): Name = "Arrow Price/Stock"; Value = "https://www.arrow.com/en/products/mcp73831t-2aciot/microchip-technology?utm_currency=USD&region=nac"; VariantName = "[No Variations]"
Add component (AddParameter): Name = "ComponentLink1Description"; Value = "Datasheet"; VariantName = "[No Variations]"
Add component (AddParameter): Name = "ComponentLink1URL"; Value = "http://ww1.microchip.com/downloads/en/DeviceDoc/20001984g.pdf"; VariantName = "[No Variations]"
Add component (AddParameter): Name = "Datasheet Link"; Value = "http://ww1.microchip.com/downloads/en/DeviceDoc/20001984g.pdf"; VariantName = "[No Variations]"
Add component (AddParameter): Name = "Height"; Value = "1.45mm"; VariantName = "[No Variations]"
Add component (AddParameter): Name = "Manufacturer_Name"; Value = "Microchip"; VariantName = "[No Variations]"
Add component (AddParameter): Name = "Manufacturer_Part_Number"; Value = "MCP73831T-2ACI/OT"; VariantName = "[No Variations]"
Add component (AddParameter): Name = "Mouser Part Number"; Value = "579-MCP73831T-2ACIOT"; VariantName = "[No Variations]"
Add component (AddParameter): Name = "Mouser Price/Stock"; Value = "https://www.mouser.co.uk/ProductDetail/Microchip-Technology/MCP73831T-2ACI-OT?qs=yUQqVecv4qvbBQBGbHx0Mw%3D%3D"; VariantName = "[No Variations]"
Add Component: Footprint Not Found USB-C-16P_4LAYER-PADS
Added Component: Designator=LED1(LYM676Q2S126Z)
Add component (AddParameter): Name = "Arrow Part Number"; Value = ""; VariantName = "[No Variations]"
Add component (AddParameter): Name = "Arrow Price/Stock"; Value = ""; VariantName = "[No Variations]"
Add component (AddParameter): Name = "ComponentLink1Description"; Value = "Datasheet"; VariantName = "[No Variations]"
Add component (AddParameter): Name = "ComponentLink1URL"; Value = "https://www.mouser.com/datasheet/2/588/Osram_7222021_LY__M676_EN-2891431.pdf"; VariantName = "[No Variations]"
Add component (AddParameter): Name = "Datasheet Link"; Value = "https://www.mouser.com/datasheet/2/588/Osram_7222021_LY__M676_EN-2891431.pdf"; VariantName = "[No Variations]"
Add component (AddParameter): Name = "Height"; Value = "1.4mm"; VariantName = "[No Variations]"
Add component (AddParameter): Name = "Manufacturer_Name"; Value = "ams OSRAM"; VariantName = "[No Variations]"
Add component (AddParameter): Name = "Manufacturer_Part_Number"; Value = "LY M676-Q2S1-26-Z"; VariantName = "[No Variations]"
Add component (AddParameter): Name = "Mouser Part Number"; Value = "720-LYM676Q2S126Z"; VariantName = "[No Variations]"
Add component (AddParameter): Name = "Mouser Price/Stock"; Value = "https://www.mouser.co.uk/ProductDetail/ams-OSRAM/LY-M676-Q2S1-26-Z?qs=nTDll3UaDK64U7BuhoNaqQ%3D%3D"; VariantName = "[No Variations]"
Add Component: Footprint Not Found SMT-JUMPER_2_NC_TRACE_SILK
Added Component: Designator=Q1(SOT96P240X115-3N)
Add component (AddParameter): Name = "Arrow Part Number"; Value = "DMG2305UX-7"; VariantName = "[No Variations]"
Add component (AddParameter): Name = "Arrow Price/Stock"; Value = "https://www.arrow.com/en/products/dmg2305ux-7/diodes-incorporated?utm_currency=USD&region=europe"; VariantName = "[No Variations]"
Add component (AddParameter): Name = "ComponentLink1Description"; Value = "Datasheet"; VariantName = "[No Variations]"
Add component (AddParameter): Name = "ComponentLink1URL"; Value = "https://www.diodes.com/assets/Datasheets/DMG2305UX.pdf"; VariantName = "[No Variations]"
Add component (AddParameter): Name = "Datasheet Link"; Value = "https://www.diodes.com//assets/Datasheets/DMG2305UX.pdf"; VariantName = "[No Variations]"
Add component (AddParameter): Name = "Height"; Value = "1.15mm"; VariantName = "[No Variations]"
Add component (AddParameter): Name = "Manufacturer_Name"; Value = "Diodes Incorporated"; VariantName = "[No Variations]"
Add component (AddParameter): Name = "Manufacturer_Part_Number"; Value = "DMG2305UX-7"; VariantName = "[No Variations]"
Add component (AddParameter): Name = "Mouser Part Number"; Value = "621-DMG2305UX-7"; VariantName = "[No Variations]"
Add component (AddParameter): Name = "Mouser Price/Stock"; Value = "https://www.mouser.co.uk/ProductDetail/Diodes-Incorporated/DMG2305UX-7?qs=L1DZKBg7t5F%2FNBHrjfxC%252Bg%3D%3D"; VariantName = "[No Variations]"
Added Component: Designator=R7(RESC2012X70N)
Add component (AddParameter): Name = "Arrow Part Number"; Value = ""; VariantName = "[No Variations]"
Add component (AddParameter): Name = "Arrow Price/Stock"; Value = ""; VariantName = "[No Variations]"
Add component (AddParameter): Name = "Datasheet Link"; Value = "https://componentsearchengine.com/Datasheets/1/ERJ-PB6B2201V.pdf"; VariantName = "[No Variations]"
Add component (AddParameter): Name = "Height"; Value = "0.7mm"; VariantName = "[No Variations]"
Add component (AddParameter): Name = "Manufacturer_Name"; Value = "Panasonic"; VariantName = "[No Variations]"
Add component (AddParameter): Name = "Manufacturer_Part_Number"; Value = "ERJ-PB6B2201V"; VariantName = "[No Variations]"
Add component (AddParameter): Name = "Mouser Part Number"; Value = "667-ERJ-PB6B2201V"; VariantName = "[No Variations]"
Add component (AddParameter): Name = "Mouser Price/Stock"; Value = "https://www.mouser.co.uk/ProductDetail/Panasonic/ERJ-PB6B2201V?qs=eFOtW6xYNWErIH4WIewwIQ%3D%3D"; VariantName = "[No Variations]"
Added Component: Designator=R8(RESC2012X50N)
Add component (AddParameter): Name = "Arrow Part Number"; Value = "CRCW08054K70FKEA"; VariantName = "[No Variations]"
Add component (AddParameter): Name = "Arrow Price/Stock"; Value = "https://www.arrow.com/en/products/crcw08054k70fkea/vishay?region=europe"; VariantName = "[No Variations]"
Add component (AddParameter): Name = "Datasheet Link"; Value = "http://www.vishay.com/docs/20035/dcrcwe3.pdf"; VariantName = "[No Variations]"
Add component (AddParameter): Name = "Height"; Value = "0.5mm"; VariantName = "[No Variations]"
Add component (AddParameter): Name = "Manufacturer_Name"; Value = "Vishay"; VariantName = "[No Variations]"
Add component (AddParameter): Name = "Manufacturer_Part_Number"; Value = "CRCW08054K70FKEA"; VariantName = "[No Variations]"
Add component (AddParameter): Name = "Mouser Part Number"; Value = "71-CRCW0805-4.7K-E3"; VariantName = "[No Variations]"
Add component (AddParameter): Name = "Mouser Price/Stock"; Value = "https://www.mouser.co.uk/ProductDetail/Vishay-Dale/CRCW08054K70FKEA?qs=kkyyugUlSrMIzNiWjd4LGQ%3D%3D"; VariantName = "[No Variations]"
Added Component: Designator=R9(RESC2012X50N)
Add component (AddParameter): Name = "Arrow Part Number"; Value = "CRCW0805100KJNECC"; VariantName = "[No Variations]"
Add component (AddParameter): Name = "Arrow Price/Stock"; Value = "https://www.arrow.com/en/products/crcw0805100kjnecc/vishay?region=nac"; VariantName = "[No Variations]"
Add component (AddParameter): Name = "Datasheet Link"; Value = "https://www.arrow.com/en/products/crcw0805100kjnecc/vishay?region=nac"; VariantName = "[No Variations]"
Add component (AddParameter): Name = "Height"; Value = "0.5mm"; VariantName = "[No Variations]"
Add component (AddParameter): Name = "Manufacturer_Name"; Value = "Vishay"; VariantName = "[No Variations]"
Add component (AddParameter): Name = "Manufacturer_Part_Number"; Value = "CRCW0805100KJNECC"; VariantName = "[No Variations]"
Add component (AddParameter): Name = "Mouser Part Number"; Value = "71-CRCW0805100KJNECC"; VariantName = "[No Variations]"
Add component (AddParameter): Name = "Mouser Price/Stock"; Value = "https://www.mouser.co.uk/ProductDetail/Vishay-Dale/CRCW0805100KJNECC?qs=wd5RIQLrsJj4eBrPbx2Sww%3D%3D"; VariantName = "[No Variations]"
Add Component: Footprint Not Found 0402-TIGHT
Add Component: Footprint Not Found 0402-TIGHT
Add Component: Footprint Not Found 0402-TIGHT
Add Component: Footprint Not Found 0402-TIGHT
Add Component: Footprint Not Found 0402-TIGHT
Add Component: Footprint Not Found 0402-TIGHT
Add Component: Footprint Not Found 0402-TIGHT
Add Component: Footprint Not Found 0402-TIGHT
Add Component: Footprint Not Found 0402-TIGHT
Add Component: Footprint Not Found 0402-TIGHT
Add Component: Footprint Not Found TACTILE_SWITCH_SMD_4.6X2.8MM
Add Component: Footprint Not Found SMT-JUMPER_2_NC_TRACE_SILK
Add Component: Footprint Not Found PAD.03X.03
Add Component: Footprint Not Found PAD.03X.03
Add Component: Footprint Not Found PAD.03X.03
Add Component: Footprint Not Found PAD.03X.03
Add Pin To Net: Unknown Pin: Pin BOOT?-1
Add Pin To Net: Unknown Pin: Pin BOOT?-2
Add Pin To Net: Unknown Pin: Pin BOOT?-3
Add Pin To Net: Unknown Pin: Pin BOOT?-4
Added Pin To Net: NetName=GND Pin=C4-1
Add Pin To Net: Unknown Pin: Pin C?-1
Add Pin To Net: Unknown Pin: Pin C?-2
Add Pin To Net: Unknown Pin: Pin C?-2
Added Pin To Net: NetName=NetC?_1 Pin=D1-1
Added Pin To Net: NetName=V_USB Pin=D1-2
Add Pin To Net: Unknown Pin: Pin D?-A
Add Pin To Net: Unknown Pin: Pin D?-C
Add Pin To Net: Unknown Pin: Pin I?-1
Add Pin To Net: Unknown Pin: Pin I?-2
Add Pin To Net: Unknown Pin: Pin I?-3
Added Pin To Net: NetName=GND Pin=IC3-2
Added Pin To Net: NetName=V_BATT Pin=IC3-3
Added Pin To Net: NetName=V_USB Pin=IC3-4
Add Pin To Net: Unknown Pin: Pin J?-2
Add Pin To Net: Unknown Pin: Pin J?-A5
Add Pin To Net: Unknown Pin: Pin J?-A6
Add Pin To Net: Unknown Pin: Pin J?-A7
Add Pin To Net: Unknown Pin: Pin J?-B5
Add Pin To Net: Unknown Pin: Pin J?-B6
Add Pin To Net: Unknown Pin: Pin J?-B7
Add Pin To Net: Unknown Pin: Pin J?-GND2
Add Pin To Net: Unknown Pin: Pin J?-GND
Add Pin To Net: Unknown Pin: Pin J?-SHLD1-4
Add Pin To Net: Unknown Pin: Pin J?-VBUS1
Add Pin To Net: Unknown Pin: Pin PWR?-2
Added Pin To Net: NetName=V_USB Pin=Q1-1
Added Pin To Net: NetName=NetC?_1 Pin=Q1-2
Added Pin To Net: NetName=V_BATT Pin=Q1-3
Added Pin To Net: NetName=GND Pin=R7-1
Added Pin To Net: NetName=V_USB Pin=R8-2
Added Pin To Net: NetName=GND Pin=R9-1
Added Pin To Net: NetName=V_USB Pin=R9-2
Add Pin To Net: Unknown Pin: Pin R?-1
Add Pin To Net: Unknown Pin: Pin R?-1
Add Pin To Net: Unknown Pin: Pin R?-1
Add Pin To Net: Unknown Pin: Pin R?-1
Add Pin To Net: Unknown Pin: Pin R?-1
Add Pin To Net: Unknown Pin: Pin R?-1
Add Pin To Net: Unknown Pin: Pin R?-1
Add Pin To Net: Unknown Pin: Pin R?-2
Add Pin To Net: Unknown Pin: Pin R?-2
Add Pin To Net: Unknown Pin: Pin R?-2
Add Pin To Net: Unknown Pin: Pin R?-2
Add Pin To Net: Unknown Pin: Pin R?-2
Add Pin To Net: Unknown Pin: Pin R?-2
Add Pin To Net: Unknown Pin: Pin R?-2
Add Pin To Net: Unknown Pin: Pin R?-2
Add Pin To Net: Unknown Pin: Pin RESET?-1
Add Pin To Net: Unknown Pin: Pin RESET?-2
Add Pin To Net: Unknown Pin: Pin SHLD?-1
Add Pin To Net: Unknown Pin: Pin SHLD?-2
Add Pin To Net: Unknown Pin: Pin TP?-1
Add Pin To Net: Unknown Pin: Pin TP?-1
Add Pin To Net: Unknown Pin: Pin TP?-1
Added Pin To Net: NetName=NetR?_2 Pin=U1-16
Add Pin To Net: Unknown Pin: Pin U1-49.1
Add Pin To Net: Unknown Pin: Pin U1-49.2
Add Pin To Net: Unknown Pin: Pin U1-49.3
Add Pin To Net: Unknown Pin: Pin U1-49.4
Add Pin To Net: Unknown Pin: Pin U1-49.5
Add Pin To Net: Unknown Pin: Pin U1-49.6
Add Pin To Net: Unknown Pin: Pin U1-49.7
Add Pin To Net: Unknown Pin: Pin U1-49.8
Add Pin To Net: Unknown Pin: Pin U1-49.9
Change Net Name : Old Net Name=NetC?_1 New Net Name=NetC6_1
Added Pin To Net: NetName=NetC?_1 Pin=U1-8
Added Net: Name=NetC?_1
Add Net: Net with name "NetD?_A" already exists
Add Net: Net with name "NetD?_C" already exists
Added Pin To Net: NetName=NetIC3_1 Pin=IC3-1
Added Pin To Net: NetName=NetIC3_1 Pin=LED1-1
Added Net: Name=NetIC3_1
Added Pin To Net: NetName=NetIC3_5 Pin=IC3-5
Added Pin To Net: NetName=NetIC3_5 Pin=R7-2
Added Net: Name=NetIC3_5
Added Pin To Net: NetName=NetLED1_2 Pin=LED1-2
Added Pin To Net: NetName=NetLED1_2 Pin=R8-1
Added Net: Name=NetLED1_2
Add Net: Net with name "NetR?_1" already exists
Add Net: Net with name "NetR?_1" already exists
Add Class Member: Failed to add class member : Component BOOT? MOMENTARY-SWITCH-SPST-SMD-4.6X2.8MM
Added Member To Class: ClassName=Power Management Member=Component C5 2.2uF
Added Member To Class: ClassName=Power Management Member=Component C6 2.2uF
Add Class Member: Failed to add class member : Component C? 0.1uF
Added Member To Class: ClassName=Power Management Member=Component D1 SCHOTTKY
Add Class Member: Failed to add class member : Component D? LED-RED_0603-KB
Add Class Member: Failed to add class member : Component D? BLUE
Add Class Member: Failed to add class member : Component I? JUMPER-SMT_3_2-NC_TRACE_SILK
Added Member To Class: ClassName=Power Management Member=Component IC3 MCP73831
Add Class Member: Failed to add class member : Component J? USB Female Type C Connector
Added Member To Class: ClassName=Power Management Member=Component LED1 LED YELLOW 0805 SMD
Add Class Member: Failed to add class member : Component PWR? JUMPER-SMT_2_NC_TRACE_SILK
Added Member To Class: ClassName=Power Management Member=Component Q1 MOSFET P-CH ENH FET -20V 52mOh -5A SMD
Added Member To Class: ClassName=Power Management Member=Component R7 2.2K
Added Member To Class: ClassName=Power Management Member=Component R8 4.7K
Added Member To Class: ClassName=Power Management Member=Component R9 100k
Add Class Member: Failed to add class member : Component R? 5.1k
Add Class Member: Failed to add class member : Component R? 2.2k
Add Class Member: Failed to add class member : Component R? 1M
Add Class Member: Failed to add class member : Component R? 100k
Add Class Member: Failed to add class member : Component R? 100k
Add Class Member: Failed to add class member : Component R? 2.2k
Add Class Member: Failed to add class member : Component R? 2.2k
Add Class Member: Failed to add class member : Component R? 5.1k
Add Class Member: Failed to add class member : Component R? 1M
Add Class Member: Failed to add class member : Component R? 4.7k
Add Class Member: Failed to add class member : Component RESET? MOMENTARY-SWITCH-SPST-SMD-4.6X2.8MM
Add Class Member: Failed to add class member : Component SHLD? JUMPER-SMT_2_NC_TRACE_SILK
Add Class Member: Failed to add class member : Component TP? TEST-POINT3
Add Class Member: Failed to add class member : Component TP? TEST-POINT3
Add Class Member: Failed to add class member : Component TP? TEST-POINT3
Add Class Member: Failed to add class member : Component TP? TEST-POINT3
