Add Component: Footprint Not Found 0603-CAP
Add Component: Footprint Not Found 0603-CAP
Add Component: Footprint Not Found LGA14L_DOT_INDICATOR
Added Component: Designator=IC2(ESP32C6MINI1H8)
Add component (AddParameter): Name = "Arrow Part Number"; Value = ""; VariantName = "[No Variations]"
Add component (AddParameter): Name = "Arrow Price/Stock"; Value = ""; VariantName = "[No Variations]"
Add component (AddParameter): Name = "Datasheet Link"; Value = "https://www.mouser.ph/ProductDetail/Espressif-Systems/ESP32-C6-MINI-1-H8?qs=olJun0bQHM8q1UR%2FHSWi2A%3D%3D"; VariantName = "[No Variations]"
Add component (AddParameter): Name = "Height"; Value = "2.55mm"; VariantName = "[No Variations]"
Add component (AddParameter): Name = "Manufacturer_Name"; Value = "Espressif Systems"; VariantName = "[No Variations]"
Add component (AddParameter): Name = "Manufacturer_Part_Number"; Value = "ESP32-C6-MINI-1-H8"; VariantName = "[No Variations]"
Add component (AddParameter): Name = "Mouser Part Number"; Value = "356-ESP32C6MINI1H8"; VariantName = "[No Variations]"
Add component (AddParameter): Name = "Mouser Price/Stock"; Value = "https://www.mouser.co.uk/ProductDetail/Espressif-Systems/ESP32-C6-MINI-1-H8?qs=olJun0bQHM8q1UR%2FHSWi2A%3D%3D"; VariantName = "[No Variations]"
Add Component: Footprint Not Found 0603
Add Component: Footprint Not Found 0603-RES
Add Component: Footprint Not Found 0603-RES
Add Component: Footprint Not Found 0603-RES
Add Component: Footprint Not Found 0603-RES
Add Component: Footprint Not Found 0603-RES
Add Component: Footprint Not Found 0603-RES
Added Net: Name=CS
Added Net: Name=GND
Added Net: Name=NetC2_1
Added Pin To Net: NetName=NetIC1_13 Pin=IC2-15
Added Net: Name=NetIC1_13
Added Pin To Net: NetName=NetIC1_14 Pin=IC2-13
Added Net: Name=NetIC1_14
Added Net: Name=SCX
Added Net: Name=SDO/SA0
Added Net: Name=SDX
Added Class: Name=Gyroscope Interface
Added Class: Name=Microcontroller
Added Rule: Name=Schematic Supply Nets
Added Rule: Name=Schematic Supply Nets_1
Added Rule: Name=Schematic Supply Nets_2
