Added Component: Designator=TP1(TP_Pad_TH_1.2P_0.6H)
Add component (AddParameter): Name = "Arrow Part Number"; Value = ""; VariantName = "[No Variations]"
Add component (AddParameter): Name = "Arrow Price/Stock"; Value = ""; VariantName = "[No Variations]"
Add component (AddParameter): Name = "Datasheet Link"; Value = "https://www.mouser.ch/datasheet/2/219/SG73P-1829847.pdf"; VariantName = "[No Variations]"
Add component (AddParameter): Name = "Function"; Value = ""; VariantName = "[No Variations]"
Add component (AddParameter): Name = "Height"; Value = "0.6mm"; VariantName = "[No Variations]"
Add component (AddParameter): Name = "Manufacturer_Name"; Value = "KOA Speer"; VariantName = "[No Variations]"
Add component (AddParameter): Name = "Manufacturer_Part_Number"; Value = "SG73P2ATTD2003F"; VariantName = "[No Variations]"
Add component (AddParameter): Name = "Mouser Part Number"; Value = "660-SG73P2ATTD2003F"; VariantName = "[No Variations]"
Add component (AddParameter): Name = "Mouser Price/Stock"; Value = "https://www.mouser.co.uk/ProductDetail/KOA-Speer/SG73P2ATTD2003F?qs=0U9fANxrh6nXGXRg%2FonPow%3D%3D"; VariantName = "[No Variations]"
Added Component: Designator=TP2(TP_Pad_TH_1.2P_0.6H)
Add component (AddParameter): Name = "Arrow Part Number"; Value = ""; VariantName = "[No Variations]"
Add component (AddParameter): Name = "Arrow Price/Stock"; Value = ""; VariantName = "[No Variations]"
Add component (AddParameter): Name = "Datasheet Link"; Value = "https://www.mouser.ch/datasheet/2/219/SG73P-1829847.pdf"; VariantName = "[No Variations]"
Add component (AddParameter): Name = "Function"; Value = ""; VariantName = "[No Variations]"
Add component (AddParameter): Name = "Height"; Value = "0.6mm"; VariantName = "[No Variations]"
Add component (AddParameter): Name = "Manufacturer_Name"; Value = "KOA Speer"; VariantName = "[No Variations]"
Add component (AddParameter): Name = "Manufacturer_Part_Number"; Value = "SG73P2ATTD2003F"; VariantName = "[No Variations]"
Add component (AddParameter): Name = "Mouser Part Number"; Value = "660-SG73P2ATTD2003F"; VariantName = "[No Variations]"
Add component (AddParameter): Name = "Mouser Price/Stock"; Value = "https://www.mouser.co.uk/ProductDetail/KOA-Speer/SG73P2ATTD2003F?qs=0U9fANxrh6nXGXRg%2FonPow%3D%3D"; VariantName = "[No Variations]"
Added Component: Designator=TP3(TP_Pad_TH_1.2P_0.6H)
Add component (AddParameter): Name = "Arrow Part Number"; Value = ""; VariantName = "[No Variations]"
Add component (AddParameter): Name = "Arrow Price/Stock"; Value = ""; VariantName = "[No Variations]"
Add component (AddParameter): Name = "Datasheet Link"; Value = "https://www.mouser.ch/datasheet/2/219/SG73P-1829847.pdf"; VariantName = "[No Variations]"
Add component (AddParameter): Name = "Function"; Value = ""; VariantName = "[No Variations]"
Add component (AddParameter): Name = "Height"; Value = "0.6mm"; VariantName = "[No Variations]"
Add component (AddParameter): Name = "Manufacturer_Name"; Value = "KOA Speer"; VariantName = "[No Variations]"
Add component (AddParameter): Name = "Manufacturer_Part_Number"; Value = "SG73P2ATTD2003F"; VariantName = "[No Variations]"
Add component (AddParameter): Name = "Mouser Part Number"; Value = "660-SG73P2ATTD2003F"; VariantName = "[No Variations]"
Add component (AddParameter): Name = "Mouser Price/Stock"; Value = "https://www.mouser.co.uk/ProductDetail/KOA-Speer/SG73P2ATTD2003F?qs=0U9fANxrh6nXGXRg%2FonPow%3D%3D"; VariantName = "[No Variations]"
Added Component: Designator=TP4(TP_Pad_TH_1.2P_0.6H)
Add component (AddParameter): Name = "Arrow Part Number"; Value = ""; VariantName = "[No Variations]"
Add component (AddParameter): Name = "Arrow Price/Stock"; Value = ""; VariantName = "[No Variations]"
Add component (AddParameter): Name = "Datasheet Link"; Value = "https://www.mouser.ch/datasheet/2/219/SG73P-1829847.pdf"; VariantName = "[No Variations]"
Add component (AddParameter): Name = "Function"; Value = ""; VariantName = "[No Variations]"
Add component (AddParameter): Name = "Height"; Value = "0.6mm"; VariantName = "[No Variations]"
Add component (AddParameter): Name = "Manufacturer_Name"; Value = "KOA Speer"; VariantName = "[No Variations]"
Add component (AddParameter): Name = "Manufacturer_Part_Number"; Value = "SG73P2ATTD2003F"; VariantName = "[No Variations]"
Add component (AddParameter): Name = "Mouser Part Number"; Value = "660-SG73P2ATTD2003F"; VariantName = "[No Variations]"
Add component (AddParameter): Name = "Mouser Price/Stock"; Value = "https://www.mouser.co.uk/ProductDetail/KOA-Speer/SG73P2ATTD2003F?qs=0U9fANxrh6nXGXRg%2FonPow%3D%3D"; VariantName = "[No Variations]"
Added Component: Designator=TP5(TP_Pad_TH_1.2P_0.6H)
Add component (AddParameter): Name = "Arrow Part Number"; Value = ""; VariantName = "[No Variations]"
Add component (AddParameter): Name = "Arrow Price/Stock"; Value = ""; VariantName = "[No Variations]"
Add component (AddParameter): Name = "Datasheet Link"; Value = "https://www.mouser.ch/datasheet/2/219/SG73P-1829847.pdf"; VariantName = "[No Variations]"
Add component (AddParameter): Name = "Function"; Value = ""; VariantName = "[No Variations]"
Add component (AddParameter): Name = "Height"; Value = "0.6mm"; VariantName = "[No Variations]"
Add component (AddParameter): Name = "Manufacturer_Name"; Value = "KOA Speer"; VariantName = "[No Variations]"
Add component (AddParameter): Name = "Manufacturer_Part_Number"; Value = "SG73P2ATTD2003F"; VariantName = "[No Variations]"
Add component (AddParameter): Name = "Mouser Part Number"; Value = "660-SG73P2ATTD2003F"; VariantName = "[No Variations]"
Add component (AddParameter): Name = "Mouser Price/Stock"; Value = "https://www.mouser.co.uk/ProductDetail/KOA-Speer/SG73P2ATTD2003F?qs=0U9fANxrh6nXGXRg%2FonPow%3D%3D"; VariantName = "[No Variations]"
Added Component: Designator=TP6(TP_Pad_TH_1.2P_0.6H)
Add component (AddParameter): Name = "Arrow Part Number"; Value = ""; VariantName = "[No Variations]"
Add component (AddParameter): Name = "Arrow Price/Stock"; Value = ""; VariantName = "[No Variations]"
Add component (AddParameter): Name = "Datasheet Link"; Value = "https://www.mouser.ch/datasheet/2/219/SG73P-1829847.pdf"; VariantName = "[No Variations]"
Add component (AddParameter): Name = "Function"; Value = ""; VariantName = "[No Variations]"
Add component (AddParameter): Name = "Height"; Value = "0.6mm"; VariantName = "[No Variations]"
Add component (AddParameter): Name = "Manufacturer_Name"; Value = "KOA Speer"; VariantName = "[No Variations]"
Add component (AddParameter): Name = "Manufacturer_Part_Number"; Value = "SG73P2ATTD2003F"; VariantName = "[No Variations]"
Add component (AddParameter): Name = "Mouser Part Number"; Value = "660-SG73P2ATTD2003F"; VariantName = "[No Variations]"
Add component (AddParameter): Name = "Mouser Price/Stock"; Value = "https://www.mouser.co.uk/ProductDetail/KOA-Speer/SG73P2ATTD2003F?qs=0U9fANxrh6nXGXRg%2FonPow%3D%3D"; VariantName = "[No Variations]"
Added Component: Designator=TP7(TP_Pad_TH_1.2P_0.6H)
Add component (AddParameter): Name = "Arrow Part Number"; Value = ""; VariantName = "[No Variations]"
Add component (AddParameter): Name = "Arrow Price/Stock"; Value = ""; VariantName = "[No Variations]"
Add component (AddParameter): Name = "Datasheet Link"; Value = "https://www.mouser.ch/datasheet/2/219/SG73P-1829847.pdf"; VariantName = "[No Variations]"
Add component (AddParameter): Name = "Function"; Value = ""; VariantName = "[No Variations]"
Add component (AddParameter): Name = "Height"; Value = "0.6mm"; VariantName = "[No Variations]"
Add component (AddParameter): Name = "Manufacturer_Name"; Value = "KOA Speer"; VariantName = "[No Variations]"
Add component (AddParameter): Name = "Manufacturer_Part_Number"; Value = "SG73P2ATTD2003F"; VariantName = "[No Variations]"
Add component (AddParameter): Name = "Mouser Part Number"; Value = "660-SG73P2ATTD2003F"; VariantName = "[No Variations]"
Add component (AddParameter): Name = "Mouser Price/Stock"; Value = "https://www.mouser.co.uk/ProductDetail/KOA-Speer/SG73P2ATTD2003F?qs=0U9fANxrh6nXGXRg%2FonPow%3D%3D"; VariantName = "[No Variations]"
Added Component: Designator=TP8(TP_Pad_TH_1.2P_0.6H)
Add component (AddParameter): Name = "Arrow Part Number"; Value = ""; VariantName = "[No Variations]"
Add component (AddParameter): Name = "Arrow Price/Stock"; Value = ""; VariantName = "[No Variations]"
Add component (AddParameter): Name = "Datasheet Link"; Value = "https://www.mouser.ch/datasheet/2/219/SG73P-1829847.pdf"; VariantName = "[No Variations]"
Add component (AddParameter): Name = "Function"; Value = ""; VariantName = "[No Variations]"
Add component (AddParameter): Name = "Height"; Value = "0.6mm"; VariantName = "[No Variations]"
Add component (AddParameter): Name = "Manufacturer_Name"; Value = "KOA Speer"; VariantName = "[No Variations]"
Add component (AddParameter): Name = "Manufacturer_Part_Number"; Value = "SG73P2ATTD2003F"; VariantName = "[No Variations]"
Add component (AddParameter): Name = "Mouser Part Number"; Value = "660-SG73P2ATTD2003F"; VariantName = "[No Variations]"
Add component (AddParameter): Name = "Mouser Price/Stock"; Value = "https://www.mouser.co.uk/ProductDetail/KOA-Speer/SG73P2ATTD2003F?qs=0U9fANxrh6nXGXRg%2FonPow%3D%3D"; VariantName = "[No Variations]"
Added Component: Designator=TP9(TP_Pad_TH_1.2P_0.6H)
Add component (AddParameter): Name = "Arrow Part Number"; Value = ""; VariantName = "[No Variations]"
Add component (AddParameter): Name = "Arrow Price/Stock"; Value = ""; VariantName = "[No Variations]"
Add component (AddParameter): Name = "Datasheet Link"; Value = "https://www.mouser.ch/datasheet/2/219/SG73P-1829847.pdf"; VariantName = "[No Variations]"
Add component (AddParameter): Name = "Function"; Value = ""; VariantName = "[No Variations]"
Add component (AddParameter): Name = "Height"; Value = "0.6mm"; VariantName = "[No Variations]"
Add component (AddParameter): Name = "Manufacturer_Name"; Value = "KOA Speer"; VariantName = "[No Variations]"
Add component (AddParameter): Name = "Manufacturer_Part_Number"; Value = "SG73P2ATTD2003F"; VariantName = "[No Variations]"
Add component (AddParameter): Name = "Mouser Part Number"; Value = "660-SG73P2ATTD2003F"; VariantName = "[No Variations]"
Add component (AddParameter): Name = "Mouser Price/Stock"; Value = "https://www.mouser.co.uk/ProductDetail/KOA-Speer/SG73P2ATTD2003F?qs=0U9fANxrh6nXGXRg%2FonPow%3D%3D"; VariantName = "[No Variations]"
Added Component: Designator=TP10.1(TP_Pad_TH_1.2P_0.6H)
Add component (AddParameter): Name = "Arrow Part Number"; Value = ""; VariantName = "[No Variations]"
Add component (AddParameter): Name = "Arrow Price/Stock"; Value = ""; VariantName = "[No Variations]"
Add component (AddParameter): Name = "Datasheet Link"; Value = "https://www.mouser.ch/datasheet/2/219/SG73P-1829847.pdf"; VariantName = "[No Variations]"
Add component (AddParameter): Name = "Function"; Value = ""; VariantName = "[No Variations]"
Add component (AddParameter): Name = "Height"; Value = "0.6mm"; VariantName = "[No Variations]"
Add component (AddParameter): Name = "Manufacturer_Name"; Value = "KOA Speer"; VariantName = "[No Variations]"
Add component (AddParameter): Name = "Manufacturer_Part_Number"; Value = "SG73P2ATTD2003F"; VariantName = "[No Variations]"
Add component (AddParameter): Name = "Mouser Part Number"; Value = "660-SG73P2ATTD2003F"; VariantName = "[No Variations]"
Add component (AddParameter): Name = "Mouser Price/Stock"; Value = "https://www.mouser.co.uk/ProductDetail/KOA-Speer/SG73P2ATTD2003F?qs=0U9fANxrh6nXGXRg%2FonPow%3D%3D"; VariantName = "[No Variations]"
Added Component: Designator=TP10.2(TP_Pad_TH_1.2P_0.6H)
Add component (AddParameter): Name = "Arrow Part Number"; Value = ""; VariantName = "[No Variations]"
Add component (AddParameter): Name = "Arrow Price/Stock"; Value = ""; VariantName = "[No Variations]"
Add component (AddParameter): Name = "Datasheet Link"; Value = "https://www.mouser.ch/datasheet/2/219/SG73P-1829847.pdf"; VariantName = "[No Variations]"
Add component (AddParameter): Name = "Function"; Value = ""; VariantName = "[No Variations]"
Add component (AddParameter): Name = "Height"; Value = "0.6mm"; VariantName = "[No Variations]"
Add component (AddParameter): Name = "Manufacturer_Name"; Value = "KOA Speer"; VariantName = "[No Variations]"
Add component (AddParameter): Name = "Manufacturer_Part_Number"; Value = "SG73P2ATTD2003F"; VariantName = "[No Variations]"
Add component (AddParameter): Name = "Mouser Part Number"; Value = "660-SG73P2ATTD2003F"; VariantName = "[No Variations]"
Add component (AddParameter): Name = "Mouser Price/Stock"; Value = "https://www.mouser.co.uk/ProductDetail/KOA-Speer/SG73P2ATTD2003F?qs=0U9fANxrh6nXGXRg%2FonPow%3D%3D"; VariantName = "[No Variations]"
Added Component: Designator=TP10.3(TP_Pad_TH_1.2P_0.6H)
Add component (AddParameter): Name = "Arrow Part Number"; Value = ""; VariantName = "[No Variations]"
Add component (AddParameter): Name = "Arrow Price/Stock"; Value = ""; VariantName = "[No Variations]"
Add component (AddParameter): Name = "Datasheet Link"; Value = "https://www.mouser.ch/datasheet/2/219/SG73P-1829847.pdf"; VariantName = "[No Variations]"
Add component (AddParameter): Name = "Function"; Value = ""; VariantName = "[No Variations]"
Add component (AddParameter): Name = "Height"; Value = "0.6mm"; VariantName = "[No Variations]"
Add component (AddParameter): Name = "Manufacturer_Name"; Value = "KOA Speer"; VariantName = "[No Variations]"
Add component (AddParameter): Name = "Manufacturer_Part_Number"; Value = "SG73P2ATTD2003F"; VariantName = "[No Variations]"
Add component (AddParameter): Name = "Mouser Part Number"; Value = "660-SG73P2ATTD2003F"; VariantName = "[No Variations]"
Add component (AddParameter): Name = "Mouser Price/Stock"; Value = "https://www.mouser.co.uk/ProductDetail/KOA-Speer/SG73P2ATTD2003F?qs=0U9fANxrh6nXGXRg%2FonPow%3D%3D"; VariantName = "[No Variations]"
Added Component: Designator=TP10.4(TP_Pad_TH_1.2P_0.6H)
Add component (AddParameter): Name = "Arrow Part Number"; Value = ""; VariantName = "[No Variations]"
Add component (AddParameter): Name = "Arrow Price/Stock"; Value = ""; VariantName = "[No Variations]"
Add component (AddParameter): Name = "Datasheet Link"; Value = "https://www.mouser.ch/datasheet/2/219/SG73P-1829847.pdf"; VariantName = "[No Variations]"
Add component (AddParameter): Name = "Function"; Value = ""; VariantName = "[No Variations]"
Add component (AddParameter): Name = "Height"; Value = "0.6mm"; VariantName = "[No Variations]"
Add component (AddParameter): Name = "Manufacturer_Name"; Value = "KOA Speer"; VariantName = "[No Variations]"
Add component (AddParameter): Name = "Manufacturer_Part_Number"; Value = "SG73P2ATTD2003F"; VariantName = "[No Variations]"
Add component (AddParameter): Name = "Mouser Part Number"; Value = "660-SG73P2ATTD2003F"; VariantName = "[No Variations]"
Add component (AddParameter): Name = "Mouser Price/Stock"; Value = "https://www.mouser.co.uk/ProductDetail/KOA-Speer/SG73P2ATTD2003F?qs=0U9fANxrh6nXGXRg%2FonPow%3D%3D"; VariantName = "[No Variations]"
Added Component: Designator=TP10.5(TP_Pad_TH_1.2P_0.6H)
Add component (AddParameter): Name = "Arrow Part Number"; Value = ""; VariantName = "[No Variations]"
Add component (AddParameter): Name = "Arrow Price/Stock"; Value = ""; VariantName = "[No Variations]"
Add component (AddParameter): Name = "Datasheet Link"; Value = "https://www.mouser.ch/datasheet/2/219/SG73P-1829847.pdf"; VariantName = "[No Variations]"
Add component (AddParameter): Name = "Function"; Value = ""; VariantName = "[No Variations]"
Add component (AddParameter): Name = "Height"; Value = "0.6mm"; VariantName = "[No Variations]"
Add component (AddParameter): Name = "Manufacturer_Name"; Value = "KOA Speer"; VariantName = "[No Variations]"
Add component (AddParameter): Name = "Manufacturer_Part_Number"; Value = "SG73P2ATTD2003F"; VariantName = "[No Variations]"
Add component (AddParameter): Name = "Mouser Part Number"; Value = "660-SG73P2ATTD2003F"; VariantName = "[No Variations]"
Add component (AddParameter): Name = "Mouser Price/Stock"; Value = "https://www.mouser.co.uk/ProductDetail/KOA-Speer/SG73P2ATTD2003F?qs=0U9fANxrh6nXGXRg%2FonPow%3D%3D"; VariantName = "[No Variations]"
Added Component: Designator=TP11.1(TP_Pad_TH_1.2P_0.6H)
Add component (AddParameter): Name = "Arrow Part Number"; Value = ""; VariantName = "[No Variations]"
Add component (AddParameter): Name = "Arrow Price/Stock"; Value = ""; VariantName = "[No Variations]"
Add component (AddParameter): Name = "Datasheet Link"; Value = "https://www.mouser.ch/datasheet/2/219/SG73P-1829847.pdf"; VariantName = "[No Variations]"
Add component (AddParameter): Name = "Function"; Value = ""; VariantName = "[No Variations]"
Add component (AddParameter): Name = "Height"; Value = "0.6mm"; VariantName = "[No Variations]"
Add component (AddParameter): Name = "Manufacturer_Name"; Value = "KOA Speer"; VariantName = "[No Variations]"
Add component (AddParameter): Name = "Manufacturer_Part_Number"; Value = "SG73P2ATTD2003F"; VariantName = "[No Variations]"
Add component (AddParameter): Name = "Mouser Part Number"; Value = "660-SG73P2ATTD2003F"; VariantName = "[No Variations]"
Add component (AddParameter): Name = "Mouser Price/Stock"; Value = "https://www.mouser.co.uk/ProductDetail/KOA-Speer/SG73P2ATTD2003F?qs=0U9fANxrh6nXGXRg%2FonPow%3D%3D"; VariantName = "[No Variations]"
Added Component: Designator=TP11.2(TP_Pad_TH_1.2P_0.6H)
Add component (AddParameter): Name = "Arrow Part Number"; Value = ""; VariantName = "[No Variations]"
Add component (AddParameter): Name = "Arrow Price/Stock"; Value = ""; VariantName = "[No Variations]"
Add component (AddParameter): Name = "Datasheet Link"; Value = "https://www.mouser.ch/datasheet/2/219/SG73P-1829847.pdf"; VariantName = "[No Variations]"
Add component (AddParameter): Name = "Function"; Value = ""; VariantName = "[No Variations]"
Add component (AddParameter): Name = "Height"; Value = "0.6mm"; VariantName = "[No Variations]"
Add component (AddParameter): Name = "Manufacturer_Name"; Value = "KOA Speer"; VariantName = "[No Variations]"
Add component (AddParameter): Name = "Manufacturer_Part_Number"; Value = "SG73P2ATTD2003F"; VariantName = "[No Variations]"
Add component (AddParameter): Name = "Mouser Part Number"; Value = "660-SG73P2ATTD2003F"; VariantName = "[No Variations]"
Add component (AddParameter): Name = "Mouser Price/Stock"; Value = "https://www.mouser.co.uk/ProductDetail/KOA-Speer/SG73P2ATTD2003F?qs=0U9fANxrh6nXGXRg%2FonPow%3D%3D"; VariantName = "[No Variations]"
Added Component: Designator=TP11.3(TP_Pad_TH_1.2P_0.6H)
Add component (AddParameter): Name = "Arrow Part Number"; Value = ""; VariantName = "[No Variations]"
Add component (AddParameter): Name = "Arrow Price/Stock"; Value = ""; VariantName = "[No Variations]"
Add component (AddParameter): Name = "Datasheet Link"; Value = "https://www.mouser.ch/datasheet/2/219/SG73P-1829847.pdf"; VariantName = "[No Variations]"
Add component (AddParameter): Name = "Function"; Value = ""; VariantName = "[No Variations]"
Add component (AddParameter): Name = "Height"; Value = "0.6mm"; VariantName = "[No Variations]"
Add component (AddParameter): Name = "Manufacturer_Name"; Value = "KOA Speer"; VariantName = "[No Variations]"
Add component (AddParameter): Name = "Manufacturer_Part_Number"; Value = "SG73P2ATTD2003F"; VariantName = "[No Variations]"
Add component (AddParameter): Name = "Mouser Part Number"; Value = "660-SG73P2ATTD2003F"; VariantName = "[No Variations]"
Add component (AddParameter): Name = "Mouser Price/Stock"; Value = "https://www.mouser.co.uk/ProductDetail/KOA-Speer/SG73P2ATTD2003F?qs=0U9fANxrh6nXGXRg%2FonPow%3D%3D"; VariantName = "[No Variations]"
Added Component: Designator=TP11.4(TP_Pad_TH_1.2P_0.6H)
Add component (AddParameter): Name = "Arrow Part Number"; Value = ""; VariantName = "[No Variations]"
Add component (AddParameter): Name = "Arrow Price/Stock"; Value = ""; VariantName = "[No Variations]"
Add component (AddParameter): Name = "Datasheet Link"; Value = "https://www.mouser.ch/datasheet/2/219/SG73P-1829847.pdf"; VariantName = "[No Variations]"
Add component (AddParameter): Name = "Function"; Value = ""; VariantName = "[No Variations]"
Add component (AddParameter): Name = "Height"; Value = "0.6mm"; VariantName = "[No Variations]"
Add component (AddParameter): Name = "Manufacturer_Name"; Value = "KOA Speer"; VariantName = "[No Variations]"
Add component (AddParameter): Name = "Manufacturer_Part_Number"; Value = "SG73P2ATTD2003F"; VariantName = "[No Variations]"
Add component (AddParameter): Name = "Mouser Part Number"; Value = "660-SG73P2ATTD2003F"; VariantName = "[No Variations]"
Add component (AddParameter): Name = "Mouser Price/Stock"; Value = "https://www.mouser.co.uk/ProductDetail/KOA-Speer/SG73P2ATTD2003F?qs=0U9fANxrh6nXGXRg%2FonPow%3D%3D"; VariantName = "[No Variations]"
Added Component: Designator=TP11.5(TP_Pad_TH_1.2P_0.6H)
Add component (AddParameter): Name = "Arrow Part Number"; Value = ""; VariantName = "[No Variations]"
Add component (AddParameter): Name = "Arrow Price/Stock"; Value = ""; VariantName = "[No Variations]"
Add component (AddParameter): Name = "Datasheet Link"; Value = "https://www.mouser.ch/datasheet/2/219/SG73P-1829847.pdf"; VariantName = "[No Variations]"
Add component (AddParameter): Name = "Function"; Value = ""; VariantName = "[No Variations]"
Add component (AddParameter): Name = "Height"; Value = "0.6mm"; VariantName = "[No Variations]"
Add component (AddParameter): Name = "Manufacturer_Name"; Value = "KOA Speer"; VariantName = "[No Variations]"
Add component (AddParameter): Name = "Manufacturer_Part_Number"; Value = "SG73P2ATTD2003F"; VariantName = "[No Variations]"
Add component (AddParameter): Name = "Mouser Part Number"; Value = "660-SG73P2ATTD2003F"; VariantName = "[No Variations]"
Add component (AddParameter): Name = "Mouser Price/Stock"; Value = "https://www.mouser.co.uk/ProductDetail/KOA-Speer/SG73P2ATTD2003F?qs=0U9fANxrh6nXGXRg%2FonPow%3D%3D"; VariantName = "[No Variations]"
Added Component: Designator=TP12.1(TP_Pad_TH_1.2P_0.6H)
Add component (AddParameter): Name = "Arrow Part Number"; Value = ""; VariantName = "[No Variations]"
Add component (AddParameter): Name = "Arrow Price/Stock"; Value = ""; VariantName = "[No Variations]"
Add component (AddParameter): Name = "Datasheet Link"; Value = "https://www.mouser.ch/datasheet/2/219/SG73P-1829847.pdf"; VariantName = "[No Variations]"
Add component (AddParameter): Name = "Function"; Value = ""; VariantName = "[No Variations]"
Add component (AddParameter): Name = "Height"; Value = "0.6mm"; VariantName = "[No Variations]"
Add component (AddParameter): Name = "Manufacturer_Name"; Value = "KOA Speer"; VariantName = "[No Variations]"
Add component (AddParameter): Name = "Manufacturer_Part_Number"; Value = "SG73P2ATTD2003F"; VariantName = "[No Variations]"
Add component (AddParameter): Name = "Mouser Part Number"; Value = "660-SG73P2ATTD2003F"; VariantName = "[No Variations]"
Add component (AddParameter): Name = "Mouser Price/Stock"; Value = "https://www.mouser.co.uk/ProductDetail/KOA-Speer/SG73P2ATTD2003F?qs=0U9fANxrh6nXGXRg%2FonPow%3D%3D"; VariantName = "[No Variations]"
Added Component: Designator=TP12.2(TP_Pad_TH_1.2P_0.6H)
Add component (AddParameter): Name = "Arrow Part Number"; Value = ""; VariantName = "[No Variations]"
Add component (AddParameter): Name = "Arrow Price/Stock"; Value = ""; VariantName = "[No Variations]"
Add component (AddParameter): Name = "Datasheet Link"; Value = "https://www.mouser.ch/datasheet/2/219/SG73P-1829847.pdf"; VariantName = "[No Variations]"
Add component (AddParameter): Name = "Function"; Value = ""; VariantName = "[No Variations]"
Add component (AddParameter): Name = "Height"; Value = "0.6mm"; VariantName = "[No Variations]"
Add component (AddParameter): Name = "Manufacturer_Name"; Value = "KOA Speer"; VariantName = "[No Variations]"
Add component (AddParameter): Name = "Manufacturer_Part_Number"; Value = "SG73P2ATTD2003F"; VariantName = "[No Variations]"
Add component (AddParameter): Name = "Mouser Part Number"; Value = "660-SG73P2ATTD2003F"; VariantName = "[No Variations]"
Add component (AddParameter): Name = "Mouser Price/Stock"; Value = "https://www.mouser.co.uk/ProductDetail/KOA-Speer/SG73P2ATTD2003F?qs=0U9fANxrh6nXGXRg%2FonPow%3D%3D"; VariantName = "[No Variations]"
Added Component: Designator=TP12.3(TP_Pad_TH_1.2P_0.6H)
Add component (AddParameter): Name = "Arrow Part Number"; Value = ""; VariantName = "[No Variations]"
Add component (AddParameter): Name = "Arrow Price/Stock"; Value = ""; VariantName = "[No Variations]"
Add component (AddParameter): Name = "Datasheet Link"; Value = "https://www.mouser.ch/datasheet/2/219/SG73P-1829847.pdf"; VariantName = "[No Variations]"
Add component (AddParameter): Name = "Function"; Value = ""; VariantName = "[No Variations]"
Add component (AddParameter): Name = "Height"; Value = "0.6mm"; VariantName = "[No Variations]"
Add component (AddParameter): Name = "Manufacturer_Name"; Value = "KOA Speer"; VariantName = "[No Variations]"
Add component (AddParameter): Name = "Manufacturer_Part_Number"; Value = "SG73P2ATTD2003F"; VariantName = "[No Variations]"
Add component (AddParameter): Name = "Mouser Part Number"; Value = "660-SG73P2ATTD2003F"; VariantName = "[No Variations]"
Add component (AddParameter): Name = "Mouser Price/Stock"; Value = "https://www.mouser.co.uk/ProductDetail/KOA-Speer/SG73P2ATTD2003F?qs=0U9fANxrh6nXGXRg%2FonPow%3D%3D"; VariantName = "[No Variations]"
Added Component: Designator=TP12.4(TP_Pad_TH_1.2P_0.6H)
Add component (AddParameter): Name = "Arrow Part Number"; Value = ""; VariantName = "[No Variations]"
Add component (AddParameter): Name = "Arrow Price/Stock"; Value = ""; VariantName = "[No Variations]"
Add component (AddParameter): Name = "Datasheet Link"; Value = "https://www.mouser.ch/datasheet/2/219/SG73P-1829847.pdf"; VariantName = "[No Variations]"
Add component (AddParameter): Name = "Function"; Value = ""; VariantName = "[No Variations]"
Add component (AddParameter): Name = "Height"; Value = "0.6mm"; VariantName = "[No Variations]"
Add component (AddParameter): Name = "Manufacturer_Name"; Value = "KOA Speer"; VariantName = "[No Variations]"
Add component (AddParameter): Name = "Manufacturer_Part_Number"; Value = "SG73P2ATTD2003F"; VariantName = "[No Variations]"
Add component (AddParameter): Name = "Mouser Part Number"; Value = "660-SG73P2ATTD2003F"; VariantName = "[No Variations]"
Add component (AddParameter): Name = "Mouser Price/Stock"; Value = "https://www.mouser.co.uk/ProductDetail/KOA-Speer/SG73P2ATTD2003F?qs=0U9fANxrh6nXGXRg%2FonPow%3D%3D"; VariantName = "[No Variations]"
Added Component: Designator=TP12.5(TP_Pad_TH_1.2P_0.6H)
Add component (AddParameter): Name = "Arrow Part Number"; Value = ""; VariantName = "[No Variations]"
Add component (AddParameter): Name = "Arrow Price/Stock"; Value = ""; VariantName = "[No Variations]"
Add component (AddParameter): Name = "Datasheet Link"; Value = "https://www.mouser.ch/datasheet/2/219/SG73P-1829847.pdf"; VariantName = "[No Variations]"
Add component (AddParameter): Name = "Function"; Value = ""; VariantName = "[No Variations]"
Add component (AddParameter): Name = "Height"; Value = "0.6mm"; VariantName = "[No Variations]"
Add component (AddParameter): Name = "Manufacturer_Name"; Value = "KOA Speer"; VariantName = "[No Variations]"
Add component (AddParameter): Name = "Manufacturer_Part_Number"; Value = "SG73P2ATTD2003F"; VariantName = "[No Variations]"
Add component (AddParameter): Name = "Mouser Part Number"; Value = "660-SG73P2ATTD2003F"; VariantName = "[No Variations]"
Add component (AddParameter): Name = "Mouser Price/Stock"; Value = "https://www.mouser.co.uk/ProductDetail/KOA-Speer/SG73P2ATTD2003F?qs=0U9fANxrh6nXGXRg%2FonPow%3D%3D"; VariantName = "[No Variations]"
Added Component: Designator=TP13.1(TP_Pad_TH_1.2P_0.6H)
Add component (AddParameter): Name = "Arrow Part Number"; Value = ""; VariantName = "[No Variations]"
Add component (AddParameter): Name = "Arrow Price/Stock"; Value = ""; VariantName = "[No Variations]"
Add component (AddParameter): Name = "Datasheet Link"; Value = "https://www.mouser.ch/datasheet/2/219/SG73P-1829847.pdf"; VariantName = "[No Variations]"
Add component (AddParameter): Name = "Function"; Value = ""; VariantName = "[No Variations]"
Add component (AddParameter): Name = "Height"; Value = "0.6mm"; VariantName = "[No Variations]"
Add component (AddParameter): Name = "Manufacturer_Name"; Value = "KOA Speer"; VariantName = "[No Variations]"
Add component (AddParameter): Name = "Manufacturer_Part_Number"; Value = "SG73P2ATTD2003F"; VariantName = "[No Variations]"
Add component (AddParameter): Name = "Mouser Part Number"; Value = "660-SG73P2ATTD2003F"; VariantName = "[No Variations]"
Add component (AddParameter): Name = "Mouser Price/Stock"; Value = "https://www.mouser.co.uk/ProductDetail/KOA-Speer/SG73P2ATTD2003F?qs=0U9fANxrh6nXGXRg%2FonPow%3D%3D"; VariantName = "[No Variations]"
Added Component: Designator=TP13.2(TP_Pad_TH_1.2P_0.6H)
Add component (AddParameter): Name = "Arrow Part Number"; Value = ""; VariantName = "[No Variations]"
Add component (AddParameter): Name = "Arrow Price/Stock"; Value = ""; VariantName = "[No Variations]"
Add component (AddParameter): Name = "Datasheet Link"; Value = "https://www.mouser.ch/datasheet/2/219/SG73P-1829847.pdf"; VariantName = "[No Variations]"
Add component (AddParameter): Name = "Function"; Value = ""; VariantName = "[No Variations]"
Add component (AddParameter): Name = "Height"; Value = "0.6mm"; VariantName = "[No Variations]"
Add component (AddParameter): Name = "Manufacturer_Name"; Value = "KOA Speer"; VariantName = "[No Variations]"
Add component (AddParameter): Name = "Manufacturer_Part_Number"; Value = "SG73P2ATTD2003F"; VariantName = "[No Variations]"
Add component (AddParameter): Name = "Mouser Part Number"; Value = "660-SG73P2ATTD2003F"; VariantName = "[No Variations]"
Add component (AddParameter): Name = "Mouser Price/Stock"; Value = "https://www.mouser.co.uk/ProductDetail/KOA-Speer/SG73P2ATTD2003F?qs=0U9fANxrh6nXGXRg%2FonPow%3D%3D"; VariantName = "[No Variations]"
Added Component: Designator=TP13.3(TP_Pad_TH_1.2P_0.6H)
Add component (AddParameter): Name = "Arrow Part Number"; Value = ""; VariantName = "[No Variations]"
Add component (AddParameter): Name = "Arrow Price/Stock"; Value = ""; VariantName = "[No Variations]"
Add component (AddParameter): Name = "Datasheet Link"; Value = "https://www.mouser.ch/datasheet/2/219/SG73P-1829847.pdf"; VariantName = "[No Variations]"
Add component (AddParameter): Name = "Function"; Value = ""; VariantName = "[No Variations]"
Add component (AddParameter): Name = "Height"; Value = "0.6mm"; VariantName = "[No Variations]"
Add component (AddParameter): Name = "Manufacturer_Name"; Value = "KOA Speer"; VariantName = "[No Variations]"
Add component (AddParameter): Name = "Manufacturer_Part_Number"; Value = "SG73P2ATTD2003F"; VariantName = "[No Variations]"
Add component (AddParameter): Name = "Mouser Part Number"; Value = "660-SG73P2ATTD2003F"; VariantName = "[No Variations]"
Add component (AddParameter): Name = "Mouser Price/Stock"; Value = "https://www.mouser.co.uk/ProductDetail/KOA-Speer/SG73P2ATTD2003F?qs=0U9fANxrh6nXGXRg%2FonPow%3D%3D"; VariantName = "[No Variations]"
Added Component: Designator=TP13.4(TP_Pad_TH_1.2P_0.6H)
Add component (AddParameter): Name = "Arrow Part Number"; Value = ""; VariantName = "[No Variations]"
Add component (AddParameter): Name = "Arrow Price/Stock"; Value = ""; VariantName = "[No Variations]"
Add component (AddParameter): Name = "Datasheet Link"; Value = "https://www.mouser.ch/datasheet/2/219/SG73P-1829847.pdf"; VariantName = "[No Variations]"
Add component (AddParameter): Name = "Function"; Value = ""; VariantName = "[No Variations]"
Add component (AddParameter): Name = "Height"; Value = "0.6mm"; VariantName = "[No Variations]"
Add component (AddParameter): Name = "Manufacturer_Name"; Value = "KOA Speer"; VariantName = "[No Variations]"
Add component (AddParameter): Name = "Manufacturer_Part_Number"; Value = "SG73P2ATTD2003F"; VariantName = "[No Variations]"
Add component (AddParameter): Name = "Mouser Part Number"; Value = "660-SG73P2ATTD2003F"; VariantName = "[No Variations]"
Add component (AddParameter): Name = "Mouser Price/Stock"; Value = "https://www.mouser.co.uk/ProductDetail/KOA-Speer/SG73P2ATTD2003F?qs=0U9fANxrh6nXGXRg%2FonPow%3D%3D"; VariantName = "[No Variations]"
Added Component: Designator=TP13.5(TP_Pad_TH_1.2P_0.6H)
Add component (AddParameter): Name = "Arrow Part Number"; Value = ""; VariantName = "[No Variations]"
Add component (AddParameter): Name = "Arrow Price/Stock"; Value = ""; VariantName = "[No Variations]"
Add component (AddParameter): Name = "Datasheet Link"; Value = "https://www.mouser.ch/datasheet/2/219/SG73P-1829847.pdf"; VariantName = "[No Variations]"
Add component (AddParameter): Name = "Function"; Value = ""; VariantName = "[No Variations]"
Add component (AddParameter): Name = "Height"; Value = "0.6mm"; VariantName = "[No Variations]"
Add component (AddParameter): Name = "Manufacturer_Name"; Value = "KOA Speer"; VariantName = "[No Variations]"
Add component (AddParameter): Name = "Manufacturer_Part_Number"; Value = "SG73P2ATTD2003F"; VariantName = "[No Variations]"
Add component (AddParameter): Name = "Mouser Part Number"; Value = "660-SG73P2ATTD2003F"; VariantName = "[No Variations]"
Add component (AddParameter): Name = "Mouser Price/Stock"; Value = "https://www.mouser.co.uk/ProductDetail/KOA-Speer/SG73P2ATTD2003F?qs=0U9fANxrh6nXGXRg%2FonPow%3D%3D"; VariantName = "[No Variations]"
Added Pin To Net: NetName=IO7/SCL Pin=TP1-TP
Added Pin To Net: NetName=IO6/SDA Pin=TP2-TP
Added Pin To Net: NetName=IO9/BOOT Pin=TP3-TP
Added Pin To Net: NetName=EN Pin=TP4-TP
Added Pin To Net: NetName=IO16 Pin=TP5-TP
Added Pin To Net: NetName=IO17 Pin=TP6-TP
Added Pin To Net: NetName=IO14 Pin=TP7-TP
Added Pin To Net: NetName=IO15 Pin=TP8-TP
Added Pin To Net: NetName=IO5 Pin=TP9-TP
Added Pin To Net: NetName=ALERT1.1 Pin=TP10.1-TP
Added Pin To Net: NetName=ALERT1.2 Pin=TP10.2-TP
Added Pin To Net: NetName=ALERT1.3 Pin=TP10.3-TP
Added Pin To Net: NetName=ALERT1.4 Pin=TP10.4-TP
Added Pin To Net: NetName=ALERT1.5 Pin=TP10.5-TP
Added Pin To Net: NetName=ALERT2.1 Pin=TP11.1-TP
Added Pin To Net: NetName=ALERT2.2 Pin=TP11.2-TP
Added Pin To Net: NetName=ALERT2.3 Pin=TP11.3-TP
Added Pin To Net: NetName=ALERT2.4 Pin=TP11.4-TP
Added Pin To Net: NetName=ALERT2.5 Pin=TP11.5-TP
Added Pin To Net: NetName=ALERT3.1 Pin=TP12.1-TP
Added Pin To Net: NetName=ALERT3.2 Pin=TP12.2-TP
Added Pin To Net: NetName=ALERT3.3 Pin=TP12.3-TP
Added Pin To Net: NetName=ALERT3.4 Pin=TP12.4-TP
Added Pin To Net: NetName=ALERT3.5 Pin=TP12.5-TP
Added Pin To Net: NetName=ALERT4.1 Pin=TP13.1-TP
Added Pin To Net: NetName=ALERT4.2 Pin=TP13.2-TP
Added Pin To Net: NetName=ALERT4.3 Pin=TP13.3-TP
Added Pin To Net: NetName=ALERT4.4 Pin=TP13.4-TP
Added Pin To Net: NetName=ALERT4.5 Pin=TP13.5-TP
Add Pin To Net: Unknown Pin: Pin U1-49.1
Add Pin To Net: Unknown Pin: Pin U1-49.2
Add Pin To Net: Unknown Pin: Pin U1-49.3
Add Pin To Net: Unknown Pin: Pin U1-49.4
Add Pin To Net: Unknown Pin: Pin U1-49.5
Add Pin To Net: Unknown Pin: Pin U1-49.6
Add Pin To Net: Unknown Pin: Pin U1-49.7
Add Pin To Net: Unknown Pin: Pin U1-49.8
Add Pin To Net: Unknown Pin: Pin U1-49.9
Added Member To Class: ClassName=Microcontroller Member=Component TP1 *
Added Member To Class: ClassName=Microcontroller Member=Component TP2 *
Added Member To Class: ClassName=Microcontroller Member=Component TP3 *
Added Member To Class: ClassName=Microcontroller Member=Component TP4 *
Added Member To Class: ClassName=Microcontroller Member=Component TP5 *
Added Member To Class: ClassName=Microcontroller Member=Component TP6 *
Added Member To Class: ClassName=Microcontroller Member=Component TP7 *
Added Member To Class: ClassName=Microcontroller Member=Component TP8 *
Added Member To Class: ClassName=Microcontroller Member=Component TP9 *
Added Member To Class: ClassName=Temp_Handling_ CH1 Member=Component TP10.1 (TP10) *
Added Member To Class: ClassName=Temp_Handling_ CH2 Member=Component TP10.2 (TP10) *
Added Member To Class: ClassName=Temp_Handling_ CH3 Member=Component TP10.3 (TP10) *
Added Member To Class: ClassName=Temp_Handling_ CH4 Member=Component TP10.4 (TP10) *
Added Member To Class: ClassName=Temp_Handling_ CH5 Member=Component TP10.5 (TP10) *
Added Member To Class: ClassName=Temp_Handling_ CH1 Member=Component TP11.1 (TP11) *
Added Member To Class: ClassName=Temp_Handling_ CH2 Member=Component TP11.2 (TP11) *
Added Member To Class: ClassName=Temp_Handling_ CH3 Member=Component TP11.3 (TP11) *
Added Member To Class: ClassName=Temp_Handling_ CH4 Member=Component TP11.4 (TP11) *
Added Member To Class: ClassName=Temp_Handling_ CH5 Member=Component TP11.5 (TP11) *
Added Member To Class: ClassName=Temp_Handling_ CH1 Member=Component TP12.1 (TP12) *
Added Member To Class: ClassName=Temp_Handling_ CH2 Member=Component TP12.2 (TP12) *
Added Member To Class: ClassName=Temp_Handling_ CH3 Member=Component TP12.3 (TP12) *
Added Member To Class: ClassName=Temp_Handling_ CH4 Member=Component TP12.4 (TP12) *
Added Member To Class: ClassName=Temp_Handling_ CH5 Member=Component TP12.5 (TP12) *
Added Member To Class: ClassName=Temp_Handling_ CH1 Member=Component TP13.1 (TP13) *
Added Member To Class: ClassName=Temp_Handling_ CH2 Member=Component TP13.2 (TP13) *
Added Member To Class: ClassName=Temp_Handling_ CH3 Member=Component TP13.3 (TP13) *
Added Member To Class: ClassName=Temp_Handling_ CH4 Member=Component TP13.4 (TP13) *
Added Member To Class: ClassName=Temp_Handling_ CH5 Member=Component TP13.5 (TP13) *
