Removed Pin From Net: NetName=IO14 Pin=TP7-TP
Removed Member From Class: ClassName=Microcontroller Member=TP7
Add Pin To Net: Unknown Pin: Pin U1-49.1
Add Pin To Net: Unknown Pin: Pin U1-49.2
Add Pin To Net: Unknown Pin: Pin U1-49.3
Add Pin To Net: Unknown Pin: Pin U1-49.4
Add Pin To Net: Unknown Pin: Pin U1-49.5
Add Pin To Net: Unknown Pin: Pin U1-49.6
Add Pin To Net: Unknown Pin: Pin U1-49.7
Add Pin To Net: Unknown Pin: Pin U1-49.8
Add Pin To Net: Unknown Pin: Pin U1-49.9
Change Net Color : Old Net Color=RGB(253, 131, 0) New Net Color=Default
Change Net Color : Old Net Color=RGB(0, 204, 0) New Net Color=Default
Added Member To Class: ClassName=Microcontroller Member=Component R21 100k
Added Member To Class: ClassName=Temp_Handling_ CH1 Member=Component TP11.1 (TP11) *
Added Member To Class: ClassName=Temp_Handling_ CH3 Member=Component TP11.3 (TP11) *
Added Member To Class: ClassName=Temp_Handling_ CH5 Member=Component TP11.5 (TP11) *
Added Member To Class: ClassName=Temp_Handling_ CH1 Member=Component TP12.1 (TP12) *
Added Member To Class: ClassName=Temp_Handling_ CH2 Member=Component TP12.2 (TP12) *
Added Member To Class: ClassName=Temp_Handling_ CH3 Member=Component TP12.3 (TP12) *
Added Member To Class: ClassName=Temp_Handling_ CH4 Member=Component TP12.4 (TP12) *
Added Member To Class: ClassName=Temp_Handling_ CH5 Member=Component TP12.5 (TP12) *
Added Member To Class: ClassName=Temp_Handling_ CH2 Member=Component TP13.2 (TP13) *
Added Member To Class: ClassName=Temp_Handling_ CH4 Member=Component TP13.4 (TP13) *
