Added Component: Designator=R5(RESC2012X60N)
Add component (AddParameter): Name = "Arrow Part Number"; Value = "CR0805-FX-1002ELF"; VariantName = "[No Variations]"
Add component (AddParameter): Name = "Arrow Price/Stock"; Value = "https://www.arrow.com/en/products/cr0805-fx-1002elf/bourns?region=nac"; VariantName = "[No Variations]"
Add component (AddParameter): Name = "Datasheet Link"; Value = "https://www.bourns.com/pdfs/chpreztr.pdf"; VariantName = "[No Variations]"
Add component (AddParameter): Name = "Height"; Value = "0.6mm"; VariantName = "[No Variations]"
Add component (AddParameter): Name = "Manufacturer_Name"; Value = "Bourns"; VariantName = "[No Variations]"
Add component (AddParameter): Name = "Manufacturer_Part_Number"; Value = "CR0805-FX-1002ELF"; VariantName = "[No Variations]"
Add component (AddParameter): Name = "Mouser Part Number"; Value = "652-CR0805FX-1002ELF"; VariantName = "[No Variations]"
Add component (AddParameter): Name = "Mouser Price/Stock"; Value = "https://www.mouser.co.uk/ProductDetail/Bourns/CR0805-FX-1002ELF?qs=tknLyCMIRbPr%252BDD0s0nG9g%3D%3D"; VariantName = "[No Variations]"
Added Component: Designator=R6(RESC2012X60N)
Add component (AddParameter): Name = "Arrow Part Number"; Value = "CR0805-FX-1002ELF"; VariantName = "[No Variations]"
Add component (AddParameter): Name = "Arrow Price/Stock"; Value = "https://www.arrow.com/en/products/cr0805-fx-1002elf/bourns?region=nac"; VariantName = "[No Variations]"
Add component (AddParameter): Name = "Datasheet Link"; Value = "https://www.bourns.com/pdfs/chpreztr.pdf"; VariantName = "[No Variations]"
Add component (AddParameter): Name = "Height"; Value = "0.6mm"; VariantName = "[No Variations]"
Add component (AddParameter): Name = "Manufacturer_Name"; Value = "Bourns"; VariantName = "[No Variations]"
Add component (AddParameter): Name = "Manufacturer_Part_Number"; Value = "CR0805-FX-1002ELF"; VariantName = "[No Variations]"
Add component (AddParameter): Name = "Mouser Part Number"; Value = "652-CR0805FX-1002ELF"; VariantName = "[No Variations]"
Add component (AddParameter): Name = "Mouser Price/Stock"; Value = "https://www.mouser.co.uk/ProductDetail/Bourns/CR0805-FX-1002ELF?qs=tknLyCMIRbPr%252BDD0s0nG9g%3D%3D"; VariantName = "[No Variations]"
Added Pin To Net: NetName=I2C_SDA Pin=R5-1
Added Pin To Net: NetName=SDO/SA0 Pin=R5-2
Added Pin To Net: NetName=I2C_SCL Pin=R6-1
Added Pin To Net: NetName=SDO/SA0 Pin=R6-2
Added Member To Class: ClassName=Microcontroller Member=Component R5 10k
Added Member To Class: ClassName=Microcontroller Member=Component R6 10k
