Removed Pin From Net: NetName=SDO/SA0 Pin=IC1-1
Removed Pin From Net: NetName=SDO/SA0 Pin=IC1-5
Removed Pin From Net: NetName=GND Pin=IC1-6
Removed Pin From Net: NetName=GND Pin=IC1-7
Removed Pin From Net: NetName=NetC2_2 Pin=IC1-8
Removed Pin From Net: NetName=SDO/SA0 Pin=L1-1
Removed Pin From Net: NetName=NetC2_2 Pin=L1-2
Removed Pin From Net: NetName=GND Pin=R1-1
Removed Pin From Net: NetName=GND Pin=R2-1
Removed Pin From Net: NetName=SDO/SA0 Pin=R3-2
Removed Pin From Net: NetName=GND Pin=R4-2
Removed Member From Class: ClassName=Gyroscope Interface Member=C1
Removed Member From Class: ClassName=Gyroscope Interface Member=IC1
Removed Member From Class: ClassName=Gyroscope Interface Member=L1
Removed Member From Class: ClassName=Gyroscope Interface Member=R1
Change Footprint: Footprint Not Found RESC2012X50N
Change Footprint: Footprint Not Found RESC2012X70N
Change Footprint: Footprint Not Found RESC2012X70N
Change Component Comment : Designator=R2 Old Comment=10k New Comment=2.2K
Change Component Comment : Designator=R3 Old Comment=10k New Comment=2.2K
Change Component Comment : Designator=R4 Old Comment=10k New Comment=100k
Change component parameters: Designator = "R2" ("R2"); Footprint = "RESC2012X60N"; UniqueID = "\CHZBZPDI\NYDYPNUH" ("\CHZBZPDI\NYDYPNUH")
Change component parameters (AddParameter): Name = "Arrow Part Number"; Value = ""; VariantName = "[No Variations]"
Change component parameters (AddParameter): Name = "Arrow Price/Stock"; Value = ""; VariantName = "[No Variations]"
Change component parameters (AddParameter): Name = "Datasheet Link"; Value = "https://componentsearchengine.com/Datasheets/1/ERJ-PB6B2201V.pdf"; VariantName = "[No Variations]"
Change component parameters (AddParameter): Name = "Height"; Value = "0.7mm"; VariantName = "[No Variations]"
Change component parameters (AddParameter): Name = "Manufacturer_Name"; Value = "Panasonic"; VariantName = "[No Variations]"
Change component parameters (AddParameter): Name = "Manufacturer_Part_Number"; Value = "ERJ-PB6B2201V"; VariantName = "[No Variations]"
Change component parameters (AddParameter): Name = "Mouser Part Number"; Value = "667-ERJ-PB6B2201V"; VariantName = "[No Variations]"
Change component parameters (AddParameter): Name = "Mouser Price/Stock"; Value = "https://www.mouser.co.uk/ProductDetail/Panasonic/ERJ-PB6B2201V?qs=eFOtW6xYNWErIH4WIewwIQ%3D%3D"; VariantName = "[No Variations]"
Change component parameters: Designator = "R3" ("R3"); Footprint = "RESC2012X60N"; UniqueID = "\CHZBZPDI\VURFNIDW" ("\CHZBZPDI\VURFNIDW")
Change component parameters (AddParameter): Name = "Arrow Part Number"; Value = ""; VariantName = "[No Variations]"
Change component parameters (AddParameter): Name = "Arrow Price/Stock"; Value = ""; VariantName = "[No Variations]"
Change component parameters (AddParameter): Name = "Datasheet Link"; Value = "https://componentsearchengine.com/Datasheets/1/ERJ-PB6B2201V.pdf"; VariantName = "[No Variations]"
Change component parameters (AddParameter): Name = "Height"; Value = "0.7mm"; VariantName = "[No Variations]"
Change component parameters (AddParameter): Name = "Manufacturer_Name"; Value = "Panasonic"; VariantName = "[No Variations]"
Change component parameters (AddParameter): Name = "Manufacturer_Part_Number"; Value = "ERJ-PB6B2201V"; VariantName = "[No Variations]"
Change component parameters (AddParameter): Name = "Mouser Part Number"; Value = "667-ERJ-PB6B2201V"; VariantName = "[No Variations]"
Change component parameters (AddParameter): Name = "Mouser Price/Stock"; Value = "https://www.mouser.co.uk/ProductDetail/Panasonic/ERJ-PB6B2201V?qs=eFOtW6xYNWErIH4WIewwIQ%3D%3D"; VariantName = "[No Variations]"
Change component parameters: Designator = "R4" ("R4"); Footprint = "RESC2012X60N"; UniqueID = "\CHZBZPDI\MYCRHQXD" ("\CHZBZPDI\MYCRHQXD")
Change component parameters (AddParameter): Name = "Arrow Part Number"; Value = "CRCW0805100KJNECC"; VariantName = "[No Variations]"
Change component parameters (AddParameter): Name = "Arrow Price/Stock"; Value = "https://www.arrow.com/en/products/crcw0805100kjnecc/vishay?region=nac"; VariantName = "[No Variations]"
Change component parameters (AddParameter): Name = "Datasheet Link"; Value = "https://www.arrow.com/en/products/crcw0805100kjnecc/vishay?region=nac"; VariantName = "[No Variations]"
Change component parameters (AddParameter): Name = "Height"; Value = "0.5mm"; VariantName = "[No Variations]"
Change component parameters (AddParameter): Name = "Manufacturer_Name"; Value = "Vishay"; VariantName = "[No Variations]"
Change component parameters (AddParameter): Name = "Manufacturer_Part_Number"; Value = "CRCW0805100KJNECC"; VariantName = "[No Variations]"
Change component parameters (AddParameter): Name = "Mouser Part Number"; Value = "71-CRCW0805100KJNECC"; VariantName = "[No Variations]"
Change component parameters (AddParameter): Name = "Mouser Price/Stock"; Value = "https://www.mouser.co.uk/ProductDetail/Vishay-Dale/CRCW0805100KJNECC?qs=wd5RIQLrsJj4eBrPbx2Sww%3D%3D"; VariantName = "[No Variations]"
Add Component: Footprint Not Found LIS3DHTR
Add Component: Footprint Not Found TACTILE_SWITCH_SMD_4.6X2.8MM
Add Component: Footprint Not Found 0402-TIGHT
Add Component: Footprint Not Found LED-0603
Add Component: Footprint Not Found LED-0603
Add Component: Footprint Not Found SMT-JUMPER_3_2-NC_TRACE_SILK
Add Component: Footprint Not Found UJ20CVGSMTP16TR65
Added Component: Designator=J3(CUI_UJ20-C-H-G-SMT-TR)
Add component (AddParameter): Name = "Availability"; Value = "Unavailable"; VariantName = "[No Variations]"
Add component (AddParameter): Name = "MF"; Value = ""; VariantName = "[No Variations]"
Add component (AddParameter): Name = "MP"; Value = "UJ20-C-H-G-MSMT-2-P16-TR"; VariantName = "[No Variations]"
Add component (AddParameter): Name = "Package"; Value = "None"; VariantName = "[No Variations]"
Add component (AddParameter): Name = "Price"; Value = "None"; VariantName = "[No Variations]"
Add component (AddParameter): Name = "Value"; Value = ""; VariantName = "[No Variations]"
Add Component: Footprint Not Found USB-C-16P_4LAYER-PADS
Add Component: Footprint Not Found RESC2012X50N
Added Component: Designator=R11(RESC2012X60N)
Add component (AddParameter): Name = "Arrow Part Number"; Value = ""; VariantName = "[No Variations]"
Add component (AddParameter): Name = "Arrow Price/Stock"; Value = ""; VariantName = "[No Variations]"
Add component (AddParameter): Name = "ComponentLink1Description"; Value = "Datasheet"; VariantName = "[No Variations]"
Add component (AddParameter): Name = "ComponentLink1URL"; Value = "https://industrial.panasonic.com/cdbs/www-data/pdf/RDA0000/AOA0000C84.pdf"; VariantName = "[No Variations]"
Add component (AddParameter): Name = "Datasheet Link"; Value = "https://industrial.panasonic.com/cdbs/www-data/pdf/RDA0000/AOA0000C84.pdf"; VariantName = "[No Variations]"
Add component (AddParameter): Name = "Height"; Value = "0.7mm"; VariantName = "[No Variations]"
Add component (AddParameter): Name = "Manufacturer_Name"; Value = "Panasonic"; VariantName = "[No Variations]"
Add component (AddParameter): Name = "Manufacturer_Part_Number"; Value = "ERJ-6ENF3573V"; VariantName = "[No Variations]"
Add component (AddParameter): Name = "Mouser Part Number"; Value = "667-ERJ-6ENF3573V"; VariantName = "[No Variations]"
Add component (AddParameter): Name = "Mouser Price/Stock"; Value = "http://www.mouser.com/Search/ProductDetail.aspx?qs=50QC8w71jAs0wPzf%2f68dcA%3d%3d"; VariantName = "[No Variations]"
Added Component: Designator=R12(RESC2012X60N)
Add component (AddParameter): Name = "Arrow Part Number"; Value = ""; VariantName = "[No Variations]"
Add component (AddParameter): Name = "Arrow Price/Stock"; Value = ""; VariantName = "[No Variations]"
Add component (AddParameter): Name = "ComponentLink1Description"; Value = "Datasheet"; VariantName = "[No Variations]"
Add component (AddParameter): Name = "ComponentLink1URL"; Value = "https://industrial.panasonic.com/cdbs/www-data/pdf/RDA0000/AOA0000C84.pdf"; VariantName = "[No Variations]"
Add component (AddParameter): Name = "Datasheet Link"; Value = "https://industrial.panasonic.com/cdbs/www-data/pdf/RDA0000/AOA0000C84.pdf"; VariantName = "[No Variations]"
Add component (AddParameter): Name = "Height"; Value = "0.7mm"; VariantName = "[No Variations]"
Add component (AddParameter): Name = "Manufacturer_Name"; Value = "Panasonic"; VariantName = "[No Variations]"
Add component (AddParameter): Name = "Manufacturer_Part_Number"; Value = "ERJ-6ENF3573V"; VariantName = "[No Variations]"
Add component (AddParameter): Name = "Mouser Part Number"; Value = "667-ERJ-6ENF3573V"; VariantName = "[No Variations]"
Add component (AddParameter): Name = "Mouser Price/Stock"; Value = "http://www.mouser.com/Search/ProductDetail.aspx?qs=50QC8w71jAs0wPzf%2f68dcA%3d%3d"; VariantName = "[No Variations]"
Add Component: Footprint Not Found 0402-TIGHT
Add Component: Footprint Not Found 0402-TIGHT
Add Component: Footprint Not Found 0402-TIGHT
Add Component: Footprint Not Found 0402-TIGHT
Added Component: Designator=R?(RESC2012X60N)
Add component (AddParameter): Name = "Arrow Part Number"; Value = ""; VariantName = "[No Variations]"
Add component (AddParameter): Name = "Arrow Price/Stock"; Value = ""; VariantName = "[No Variations]"
Add component (AddParameter): Name = "ComponentLink1Description"; Value = "Datasheet"; VariantName = "[No Variations]"
Add component (AddParameter): Name = "ComponentLink1URL"; Value = "https://industrial.panasonic.com/cdbs/www-data/pdf/RDA0000/AOA0000C84.pdf"; VariantName = "[No Variations]"
Add component (AddParameter): Name = "Datasheet Link"; Value = "https://industrial.panasonic.com/cdbs/www-data/pdf/RDA0000/AOA0000C84.pdf"; VariantName = "[No Variations]"
Add component (AddParameter): Name = "Height"; Value = "0.7mm"; VariantName = "[No Variations]"
Add component (AddParameter): Name = "Manufacturer_Name"; Value = "Panasonic"; VariantName = "[No Variations]"
Add component (AddParameter): Name = "Manufacturer_Part_Number"; Value = "ERJ-6ENF3573V"; VariantName = "[No Variations]"
Add component (AddParameter): Name = "Mouser Part Number"; Value = "667-ERJ-6ENF3573V"; VariantName = "[No Variations]"
Add component (AddParameter): Name = "Mouser Price/Stock"; Value = "http://www.mouser.com/Search/ProductDetail.aspx?qs=50QC8w71jAs0wPzf%2f68dcA%3d%3d"; VariantName = "[No Variations]"
Added Component: Designator=R?(RESC2012X60N)
Add component (AddParameter): Name = "Arrow Part Number"; Value = ""; VariantName = "[No Variations]"
Add component (AddParameter): Name = "Arrow Price/Stock"; Value = ""; VariantName = "[No Variations]"
Add component (AddParameter): Name = "ComponentLink1Description"; Value = "Datasheet"; VariantName = "[No Variations]"
Add component (AddParameter): Name = "ComponentLink1URL"; Value = "https://industrial.panasonic.com/cdbs/www-data/pdf/RDA0000/AOA0000C84.pdf"; VariantName = "[No Variations]"
Add component (AddParameter): Name = "Datasheet Link"; Value = "https://industrial.panasonic.com/cdbs/www-data/pdf/RDA0000/AOA0000C84.pdf"; VariantName = "[No Variations]"
Add component (AddParameter): Name = "Height"; Value = "0.7mm"; VariantName = "[No Variations]"
Add component (AddParameter): Name = "Manufacturer_Name"; Value = "Panasonic"; VariantName = "[No Variations]"
Add component (AddParameter): Name = "Manufacturer_Part_Number"; Value = "ERJ-6ENF3573V"; VariantName = "[No Variations]"
Add component (AddParameter): Name = "Mouser Part Number"; Value = "667-ERJ-6ENF3573V"; VariantName = "[No Variations]"
Add component (AddParameter): Name = "Mouser Price/Stock"; Value = "http://www.mouser.com/Search/ProductDetail.aspx?qs=50QC8w71jAs0wPzf%2f68dcA%3d%3d"; VariantName = "[No Variations]"
Add Component: Footprint Not Found TACTILE_SWITCH_SMD_4.6X2.8MM
Add Component: Footprint Not Found SMT-JUMPER_2_NC_TRACE_SILK
Add Component: Footprint Not Found PAD.03X.03
Add Component: Footprint Not Found PAD.03X.03
Add Component: Footprint Not Found PAD.03X.03
Add Component: Footprint Not Found PAD.03X.03
Add Pin To Net: Unknown Pin: Pin AC1-1
Add Pin To Net: Unknown Pin: Pin AC1-5
Add Pin To Net: Unknown Pin: Pin AC1-7
Add Pin To Net: Unknown Pin: Pin AC1-10
Add Pin To Net: Unknown Pin: Pin AC1-12
Add Pin To Net: Unknown Pin: Pin AC1-14
Add Pin To Net: Unknown Pin: Pin BOOT?-1
Add Pin To Net: Unknown Pin: Pin BOOT?-2
Add Pin To Net: Unknown Pin: Pin BOOT?-3
Add Pin To Net: Unknown Pin: Pin BOOT?-4
Add Pin To Net: Unknown Pin: Pin C?-1
Add Pin To Net: Unknown Pin: Pin C?-2
Add Pin To Net: Unknown Pin: Pin D2-A
Add Pin To Net: Unknown Pin: Pin I?-1
Add Pin To Net: Unknown Pin: Pin I?-2
Add Pin To Net: Unknown Pin: Pin I?-3
Added Pin To Net: NetName=GND Pin=J3-SH1
Added Pin To Net: NetName=GND Pin=J3-SH2
Added Pin To Net: NetName=GND Pin=J3-SH3
Added Pin To Net: NetName=GND Pin=J3-SH4
Add Pin To Net: Unknown Pin: Pin J?-2
Add Pin To Net: Unknown Pin: Pin J?-A5
Add Pin To Net: Unknown Pin: Pin J?-A6
Add Pin To Net: Unknown Pin: Pin J?-A7
Add Pin To Net: Unknown Pin: Pin J?-B5
Add Pin To Net: Unknown Pin: Pin J?-B6
Add Pin To Net: Unknown Pin: Pin J?-B7
Add Pin To Net: Unknown Pin: Pin J?-GND2
Add Pin To Net: Unknown Pin: Pin J?-GND
Add Pin To Net: Unknown Pin: Pin J?-SHLD1-4
Add Pin To Net: Unknown Pin: Pin J?-VBUS1
Added Pin To Net: NetName=SDO/SA0 Pin=R1-2
Added Pin To Net: NetName=NetI?_3 Pin=R2-2
Added Pin To Net: NetName=NetI?_1 Pin=R3-1
Added Pin To Net: NetName=SDO/SA0 Pin=R4-2
Add Pin To Net: Unknown Pin: Pin R10-1
Add Pin To Net: Unknown Pin: Pin R10-2
Added Pin To Net: NetName=GND Pin=R11-1
Added Pin To Net: NetName=NetJ?_B5 Pin=R11-2
Added Pin To Net: NetName=GND Pin=R12-1
Added Pin To Net: NetName=NetJ?_A5 Pin=R12-2
Add Pin To Net: Unknown Pin: Pin R13-2
Add Pin To Net: Unknown Pin: Pin R14-1
Add Pin To Net: Unknown Pin: Pin R15-1
Add Pin To Net: Unknown Pin: Pin R16-1
Added Pin To Net: NetName=GND Pin=R?-1
Added Pin To Net: NetName=GND Pin=R?-1
Add Pin To Net: Unknown Pin: Pin RESET?-1
Add Pin To Net: Unknown Pin: Pin RESET?-2
Add Pin To Net: Unknown Pin: Pin RESET?-3
Add Pin To Net: Unknown Pin: Pin RESET?-4
Add Pin To Net: Unknown Pin: Pin SHLD?-1
Add Pin To Net: Unknown Pin: Pin SHLD?-2
Add Pin To Net: Unknown Pin: Pin TP?-1
Add Pin To Net: Unknown Pin: Pin TP?-1
Added Pin To Net: NetName=NetC2_2 Pin=U1-8
Add Pin To Net: Unknown Pin: Pin U1-49.1
Add Pin To Net: Unknown Pin: Pin U1-49.2
Add Pin To Net: Unknown Pin: Pin U1-49.3
Add Pin To Net: Unknown Pin: Pin U1-49.4
Add Pin To Net: Unknown Pin: Pin U1-49.5
Add Pin To Net: Unknown Pin: Pin U1-49.6
Add Pin To Net: Unknown Pin: Pin U1-49.7
Add Pin To Net: Unknown Pin: Pin U1-49.8
Add Pin To Net: Unknown Pin: Pin U1-49.9
Change Net Name : Old Net Name=NetD?_A New Net Name=NetU1_29
Change Net Name : Old Net Name=SDO/SA0 New Net Name=3.3V
Change Net Color : Old Net Color=RGB(158, 161, 117) New Net Color=RGB(133, 32, 12)
Change Net Color : Old Net Color=RGB(158, 161, 117) New Net Color=RGB(133, 32, 12)
Change Net Color : Old Net Color=RGB(158, 161, 117) New Net Color=RGB(133, 32, 12)
Change Net Color : Old Net Color=RGB(158, 161, 117) New Net Color=RGB(133, 32, 12)
Change Net Color : Old Net Color=RGB(158, 161, 117) New Net Color=RGB(133, 32, 12)
Change Net Color : Old Net Color=RGB(158, 161, 117) New Net Color=RGB(133, 32, 12)
Change Net Color : Old Net Color=RGB(158, 161, 117) New Net Color=RGB(133, 32, 12)
Change Net Color : Old Net Color=RGB(158, 161, 117) New Net Color=RGB(133, 32, 12)
Change Net Color : Old Net Color=RGB(158, 161, 117) New Net Color=RGB(133, 32, 12)
Change Net Color : Old Net Color=RGB(158, 161, 117) New Net Color=RGB(133, 32, 12)
Change Net Color : Old Net Color=RGB(158, 161, 117) New Net Color=RGB(133, 32, 12)
Change Net Color : Old Net Color=RGB(158, 161, 117) New Net Color=RGB(133, 32, 12)
Change Net Color : Old Net Color=RGB(158, 161, 117) New Net Color=RGB(133, 32, 12)
Change Net Color : Old Net Color=RGB(158, 161, 117) New Net Color=RGB(133, 32, 12)
Change Net Color : Old Net Color=RGB(158, 161, 117) New Net Color=RGB(133, 32, 12)
Change Net Color : Old Net Color=RGB(158, 161, 117) New Net Color=RGB(133, 32, 12)
Change Net Color : Old Net Color=RGB(158, 161, 117) New Net Color=RGB(133, 32, 12)
Change Net Color : Old Net Color=RGB(158, 161, 117) New Net Color=RGB(133, 32, 12)
Change Net Color : Old Net Color=RGB(158, 161, 117) New Net Color=RGB(133, 32, 12)
Change Net Color : Old Net Color=RGB(158, 161, 117) New Net Color=RGB(133, 32, 12)
Change Net Color : Old Net Color=RGB(158, 161, 117) New Net Color=RGB(133, 32, 12)
Change Net Color : Old Net Color=RGB(158, 161, 117) New Net Color=RGB(133, 32, 12)
Change Net Color : Old Net Color=RGB(158, 161, 117) New Net Color=RGB(133, 32, 12)
Change Net Color : Old Net Color=RGB(158, 161, 117) New Net Color=RGB(133, 32, 12)
Change Net Color : Old Net Color=RGB(158, 161, 117) New Net Color=RGB(133, 32, 12)
Change Net Color : Old Net Color=RGB(158, 161, 117) New Net Color=RGB(133, 32, 12)
Change Net Color : Old Net Color=RGB(158, 161, 117) New Net Color=RGB(133, 32, 12)
Added Net: Name=NetAC1_4
Added Net: Name=NetAC1_6
Added Pin To Net: NetName=NetAC1_8 Pin=R1-1
Added Net: Name=NetAC1_8
Added Net: Name=NetD2_C
Added Net: Name=NetD3_A
Added Net: Name=NetD3_C
Added Pin To Net: NetName=NetJ3_A5 Pin=J3-A5
Added Pin To Net: NetName=NetJ3_A5 Pin=R?-2
Added Net: Name=NetJ3_A5
Added Pin To Net: NetName=NetJ3_B5 Pin=J3-B5
Added Pin To Net: NetName=NetJ3_B5 Pin=R?-2
Added Net: Name=NetJ3_B5
Added Pin To Net: NetName=NetR2_1 Pin=R2-1
Added Pin To Net: NetName=NetR2_1 Pin=U1-15
Added Net: Name=NetR2_1
Added Pin To Net: NetName=NetR3_2 Pin=R3-2
Added Pin To Net: NetName=NetR3_2 Pin=U1-16
Added Net: Name=NetR3_2
Added Pin To Net: NetName=NetR4_1 Pin=R4-1
Added Pin To Net: NetName=NetR4_1 Pin=U1-22
Added Net: Name=NetR4_1
Added Net: Name=NetR13_1
Added Pin To Net: NetName=NetU1_13 Pin=U1-13
Added Net: Name=NetU1_13
Change Class Name : Old Net Name=Gyroscope Interface New Net Name=Microcontroller
Added Class: Name=Accelerometer Interface
Added Class: Name=HMI
Add Class Member: Failed to add class member : Component BOOT? MOMENTARY-SWITCH-SPST-SMD-4.6X2.8MM
Added Member To Class: ClassName=Power Management Member=Component C4 2.2uF
Add Class Member: Failed to add class member : Component C? DNP
Add Class Member: Failed to add class member : Component I? JUMPER-SMT_3_2-NC_TRACE_SILK
Add Class Member: Failed to add class member : Component J2 UJ20-C-V-G-SMT-P16-TR-65
Added Member To Class: ClassName=Microcontroller Member=Component J3 UJ20-C-H-G-MSMT-2-P16-TR
Add Class Member: Failed to add class member : Component J? USB Female Type C Connector
Add Class Member: Failed to add class member : Component R10 100k
Added Member To Class: ClassName=Microcontroller Member=Component R11 5.1k
Added Member To Class: ClassName=Microcontroller Member=Component R12 5.1k
Added Member To Class: ClassName=Microcontroller Member=Component R? 5.1k
Added Member To Class: ClassName=Microcontroller Member=Component R? 5.1k
Add Class Member: Failed to add class member : Component RESET? MOMENTARY-SWITCH-SPST-SMD-4.6X2.8MM
Add Class Member: Failed to add class member : Component SHLD? JUMPER-SMT_2_NC_TRACE_SILK
Add Class Member: Failed to add class member : Component TP? TEST-POINT3
Add Class Member: Failed to add class member : Component TP? TEST-POINT3
Add Class Member: Failed to add class member : Component TP? TEST-POINT3
Add Class Member: Failed to add class member : Component TP? TEST-POINT3
Added Member To Class: ClassName=Microcontroller Member=Component U1 ESP32-C6-MINI-1
Added Rule: Name=Schematic Supply Nets
