Removed Member From Class: ClassName=Temperature Sensor Interface Member=R12
Removed Member From Class: ClassName=HMI Member=R19
Removed Member From Class: ClassName=HMI Member=R20
Removed Member From Class: ClassName=HMI Member=R21
Removed Member From Class: ClassName=HMI Member=R23
Removed Member From Class: ClassName=HMI Member=R24
Added Component: Designator=U2.1(QFN65P500X500X100-21N)
Add component (AddParameter): Name = "Availability"; Value = "Unavailable"; VariantName = "[No Variations]"
Add component (AddParameter): Name = "ComponentLink1Description"; Value = "Datasheet"; VariantName = "[No Variations]"
Add component (AddParameter): Name = "ComponentLink1URL"; Value = "https://www.mouser.co.za/datasheet/2/268/MCP960X_L0X_RL0X_Thermocouple_EMF_to_Temperature_C-3443378.pdf"; VariantName = "[No Variations]"
Add component (AddParameter): Name = "Manufacturer_Part_Number"; Value = "MCP9600-E/MX"; VariantName = "[No Variations]"
Add component (AddParameter): Name = "MP"; Value = "MCP9600-I/MX"; VariantName = "[No Variations]"
Add component (AddParameter): Name = "Package"; Value = "None"; VariantName = "[No Variations]"
Add component (AddParameter): Name = "Price"; Value = "None"; VariantName = "[No Variations]"
Add component (AddParameter): Name = "Value"; Value = ""; VariantName = "[No Variations]"
Added Component: Designator=U2.2(QFN65P500X500X100-21N)
Add component (AddParameter): Name = "Availability"; Value = "Unavailable"; VariantName = "[No Variations]"
Add component (AddParameter): Name = "ComponentLink1Description"; Value = "Datasheet"; VariantName = "[No Variations]"
Add component (AddParameter): Name = "ComponentLink1URL"; Value = "https://www.mouser.co.za/datasheet/2/268/MCP960X_L0X_RL0X_Thermocouple_EMF_to_Temperature_C-3443378.pdf"; VariantName = "[No Variations]"
Add component (AddParameter): Name = "Manufacturer_Part_Number"; Value = "MCP9600-E/MX"; VariantName = "[No Variations]"
Add component (AddParameter): Name = "MP"; Value = "MCP9600-I/MX"; VariantName = "[No Variations]"
Add component (AddParameter): Name = "Package"; Value = "None"; VariantName = "[No Variations]"
Add component (AddParameter): Name = "Price"; Value = "None"; VariantName = "[No Variations]"
Add component (AddParameter): Name = "Value"; Value = ""; VariantName = "[No Variations]"
Added Component: Designator=U2.3(QFN65P500X500X100-21N)
Add component (AddParameter): Name = "Availability"; Value = "Unavailable"; VariantName = "[No Variations]"
Add component (AddParameter): Name = "ComponentLink1Description"; Value = "Datasheet"; VariantName = "[No Variations]"
Add component (AddParameter): Name = "ComponentLink1URL"; Value = "https://www.mouser.co.za/datasheet/2/268/MCP960X_L0X_RL0X_Thermocouple_EMF_to_Temperature_C-3443378.pdf"; VariantName = "[No Variations]"
Add component (AddParameter): Name = "Manufacturer_Part_Number"; Value = "MCP9600-E/MX"; VariantName = "[No Variations]"
Add component (AddParameter): Name = "MP"; Value = "MCP9600-I/MX"; VariantName = "[No Variations]"
Add component (AddParameter): Name = "Package"; Value = "None"; VariantName = "[No Variations]"
Add component (AddParameter): Name = "Price"; Value = "None"; VariantName = "[No Variations]"
Add component (AddParameter): Name = "Value"; Value = ""; VariantName = "[No Variations]"
Added Component: Designator=U2.4(QFN65P500X500X100-21N)
Add component (AddParameter): Name = "Availability"; Value = "Unavailable"; VariantName = "[No Variations]"
Add component (AddParameter): Name = "ComponentLink1Description"; Value = "Datasheet"; VariantName = "[No Variations]"
Add component (AddParameter): Name = "ComponentLink1URL"; Value = "https://www.mouser.co.za/datasheet/2/268/MCP960X_L0X_RL0X_Thermocouple_EMF_to_Temperature_C-3443378.pdf"; VariantName = "[No Variations]"
Add component (AddParameter): Name = "Manufacturer_Part_Number"; Value = "MCP9600-E/MX"; VariantName = "[No Variations]"
Add component (AddParameter): Name = "MP"; Value = "MCP9600-I/MX"; VariantName = "[No Variations]"
Add component (AddParameter): Name = "Package"; Value = "None"; VariantName = "[No Variations]"
Add component (AddParameter): Name = "Price"; Value = "None"; VariantName = "[No Variations]"
Add component (AddParameter): Name = "Value"; Value = ""; VariantName = "[No Variations]"
Added Component: Designator=U2.5(QFN65P500X500X100-21N)
Add component (AddParameter): Name = "Availability"; Value = "Unavailable"; VariantName = "[No Variations]"
Add component (AddParameter): Name = "ComponentLink1Description"; Value = "Datasheet"; VariantName = "[No Variations]"
Add component (AddParameter): Name = "ComponentLink1URL"; Value = "https://www.mouser.co.za/datasheet/2/268/MCP960X_L0X_RL0X_Thermocouple_EMF_to_Temperature_C-3443378.pdf"; VariantName = "[No Variations]"
Add component (AddParameter): Name = "Manufacturer_Part_Number"; Value = "MCP9600-E/MX"; VariantName = "[No Variations]"
Add component (AddParameter): Name = "MP"; Value = "MCP9600-I/MX"; VariantName = "[No Variations]"
Add component (AddParameter): Name = "Package"; Value = "None"; VariantName = "[No Variations]"
Add component (AddParameter): Name = "Price"; Value = "None"; VariantName = "[No Variations]"
Add component (AddParameter): Name = "Value"; Value = ""; VariantName = "[No Variations]"
Add Pin To Net: Unknown Pin: Pin TP1-TP
Add Pin To Net: Unknown Pin: Pin TP2-TP
Add Pin To Net: Unknown Pin: Pin TP3-TP
Add Pin To Net: Unknown Pin: Pin TP4-TP
Add Pin To Net: Unknown Pin: Pin TP5-TP
Add Pin To Net: Unknown Pin: Pin TP6-TP
Add Pin To Net: Unknown Pin: Pin TP7-TP
Add Pin To Net: Unknown Pin: Pin TP8-TP
Add Pin To Net: Unknown Pin: Pin TP9-TP
Add Pin To Net: Unknown Pin: Pin TP10.1-TP
Add Pin To Net: Unknown Pin: Pin TP10.2-TP
Add Pin To Net: Unknown Pin: Pin TP10.3-TP
Add Pin To Net: Unknown Pin: Pin TP10.4-TP
Add Pin To Net: Unknown Pin: Pin TP10.5-TP
Add Pin To Net: Unknown Pin: Pin TP11.1-TP
Add Pin To Net: Unknown Pin: Pin TP11.2-TP
Add Pin To Net: Unknown Pin: Pin TP11.3-TP
Add Pin To Net: Unknown Pin: Pin TP11.4-TP
Add Pin To Net: Unknown Pin: Pin TP11.5-TP
Add Pin To Net: Unknown Pin: Pin TP12.1-TP
Add Pin To Net: Unknown Pin: Pin TP12.2-TP
Add Pin To Net: Unknown Pin: Pin TP12.3-TP
Add Pin To Net: Unknown Pin: Pin TP12.4-TP
Add Pin To Net: Unknown Pin: Pin TP12.5-TP
Add Pin To Net: Unknown Pin: Pin TP13.1-TP
Add Pin To Net: Unknown Pin: Pin TP13.2-TP
Add Pin To Net: Unknown Pin: Pin TP13.3-TP
Add Pin To Net: Unknown Pin: Pin TP13.4-TP
Add Pin To Net: Unknown Pin: Pin TP13.5-TP
Add Pin To Net: Unknown Pin: Pin U1-49.1
Add Pin To Net: Unknown Pin: Pin U1-49.2
Add Pin To Net: Unknown Pin: Pin U1-49.3
Add Pin To Net: Unknown Pin: Pin U1-49.4
Add Pin To Net: Unknown Pin: Pin U1-49.5
Add Pin To Net: Unknown Pin: Pin U1-49.6
Add Pin To Net: Unknown Pin: Pin U1-49.7
Add Pin To Net: Unknown Pin: Pin U1-49.8
Add Pin To Net: Unknown Pin: Pin U1-49.9
Added Pin To Net: NetName=GND Pin=U2.1-1
Added Pin To Net: NetName=NetC11.1_2 Pin=U2.1-2
Added Pin To Net: NetName=GND Pin=U2.1-3
Added Pin To Net: NetName=NetC11.1_1 Pin=U2.1-4
Added Pin To Net: NetName=GND Pin=U2.1-5
Added Pin To Net: NetName=GND Pin=U2.1-6
Added Pin To Net: NetName=GND Pin=U2.1-7
Added Pin To Net: NetName=3.3V Pin=U2.1-8
Added Pin To Net: NetName=GND Pin=U2.1-9
Added Pin To Net: NetName=GND Pin=U2.1-10
Added Pin To Net: NetName=ALERT1.1 Pin=U2.1-11
Added Pin To Net: NetName=ALERT2.1 Pin=U2.1-12
Added Pin To Net: NetName=GND Pin=U2.1-13
Added Pin To Net: NetName=ALERT3.1 Pin=U2.1-14
Added Pin To Net: NetName=ALERT4.1 Pin=U2.1-15
Added Pin To Net: NetName=GND Pin=U2.1-16
Added Pin To Net: NetName=GND Pin=U2.1-17
Added Pin To Net: NetName=GND Pin=U2.1-18
Added Pin To Net: NetName=NetR28.1_2 Pin=U2.1-19
Added Pin To Net: NetName=NetR29.1_2 Pin=U2.1-20
Added Pin To Net: NetName=GND Pin=U2.2-1
Added Pin To Net: NetName=NetC11.2_2 Pin=U2.2-2
Added Pin To Net: NetName=GND Pin=U2.2-3
Added Pin To Net: NetName=NetC11.2_1 Pin=U2.2-4
Added Pin To Net: NetName=GND Pin=U2.2-5
Added Pin To Net: NetName=GND Pin=U2.2-6
Added Pin To Net: NetName=GND Pin=U2.2-7
Added Pin To Net: NetName=3.3V Pin=U2.2-8
Added Pin To Net: NetName=GND Pin=U2.2-9
Added Pin To Net: NetName=GND Pin=U2.2-10
Added Pin To Net: NetName=ALERT1.2 Pin=U2.2-11
Added Pin To Net: NetName=ALERT2.2 Pin=U2.2-12
Added Pin To Net: NetName=GND Pin=U2.2-13
Added Pin To Net: NetName=ALERT3.2 Pin=U2.2-14
Added Pin To Net: NetName=ALERT4.2 Pin=U2.2-15
Added Pin To Net: NetName=NetR6_1 Pin=U2.2-16
Added Pin To Net: NetName=GND Pin=U2.2-17
Added Pin To Net: NetName=GND Pin=U2.2-18
Added Pin To Net: NetName=NetR28.2_2 Pin=U2.2-19
Added Pin To Net: NetName=NetR29.2_2 Pin=U2.2-20
Added Pin To Net: NetName=GND Pin=U2.3-1
Added Pin To Net: NetName=NetC11.3_2 Pin=U2.3-2
Added Pin To Net: NetName=GND Pin=U2.3-3
Added Pin To Net: NetName=NetC11.3_1 Pin=U2.3-4
Added Pin To Net: NetName=GND Pin=U2.3-5
Added Pin To Net: NetName=GND Pin=U2.3-6
Added Pin To Net: NetName=GND Pin=U2.3-7
Added Pin To Net: NetName=3.3V Pin=U2.3-8
Added Pin To Net: NetName=GND Pin=U2.3-9
Added Pin To Net: NetName=GND Pin=U2.3-10
Added Pin To Net: NetName=ALERT1.3 Pin=U2.3-11
Added Pin To Net: NetName=ALERT2.3 Pin=U2.3-12
Added Pin To Net: NetName=GND Pin=U2.3-13
Added Pin To Net: NetName=ALERT3.3 Pin=U2.3-14
Added Pin To Net: NetName=ALERT4.3 Pin=U2.3-15
Added Pin To Net: NetName=NetR8_1 Pin=U2.3-16
Added Pin To Net: NetName=GND Pin=U2.3-17
Added Pin To Net: NetName=GND Pin=U2.3-18
Added Pin To Net: NetName=NetR28.3_2 Pin=U2.3-19
Added Pin To Net: NetName=NetR29.3_2 Pin=U2.3-20
Added Pin To Net: NetName=GND Pin=U2.4-1
Added Pin To Net: NetName=NetC11.4_2 Pin=U2.4-2
Added Pin To Net: NetName=GND Pin=U2.4-3
Added Pin To Net: NetName=NetC11.4_1 Pin=U2.4-4
Added Pin To Net: NetName=GND Pin=U2.4-5
Added Pin To Net: NetName=GND Pin=U2.4-6
Added Pin To Net: NetName=GND Pin=U2.4-7
Added Pin To Net: NetName=3.3V Pin=U2.4-8
Added Pin To Net: NetName=GND Pin=U2.4-9
Added Pin To Net: NetName=GND Pin=U2.4-10
Added Pin To Net: NetName=ALERT1.4 Pin=U2.4-11
Added Pin To Net: NetName=ALERT2.4 Pin=U2.4-12
Added Pin To Net: NetName=GND Pin=U2.4-13
Added Pin To Net: NetName=ALERT3.4 Pin=U2.4-14
Added Pin To Net: NetName=ALERT4.4 Pin=U2.4-15
Added Pin To Net: NetName=NetR10_1 Pin=U2.4-16
Added Pin To Net: NetName=GND Pin=U2.4-17
Added Pin To Net: NetName=GND Pin=U2.4-18
Added Pin To Net: NetName=NetR28.4_2 Pin=U2.4-19
Added Pin To Net: NetName=NetR29.4_2 Pin=U2.4-20
Added Pin To Net: NetName=GND Pin=U2.5-1
Added Pin To Net: NetName=NetC11.5_2 Pin=U2.5-2
Added Pin To Net: NetName=GND Pin=U2.5-3
Added Pin To Net: NetName=NetC11.5_1 Pin=U2.5-4
Added Pin To Net: NetName=GND Pin=U2.5-5
Added Pin To Net: NetName=GND Pin=U2.5-6
Added Pin To Net: NetName=GND Pin=U2.5-7
Added Pin To Net: NetName=3.3V Pin=U2.5-8
Added Pin To Net: NetName=GND Pin=U2.5-9
Added Pin To Net: NetName=GND Pin=U2.5-10
Added Pin To Net: NetName=ALERT1.5 Pin=U2.5-11
Added Pin To Net: NetName=ALERT2.5 Pin=U2.5-12
Added Pin To Net: NetName=GND Pin=U2.5-13
Added Pin To Net: NetName=ALERT3.5 Pin=U2.5-14
Added Pin To Net: NetName=ALERT4.5 Pin=U2.5-15
Added Pin To Net: NetName=3.3V Pin=U2.5-16
Added Pin To Net: NetName=GND Pin=U2.5-17
Added Pin To Net: NetName=GND Pin=U2.5-18
Added Pin To Net: NetName=NetR28.5_2 Pin=U2.5-19
Added Pin To Net: NetName=NetR29.5_2 Pin=U2.5-20
Added Member To Class: ClassName=Temperature Sensor Interface Member=Component R6 220k
Added Member To Class: ClassName=HMI Member=Component R13 1k
Added Member To Class: ClassName=HMI Member=Component R14 1k
Added Member To Class: ClassName=HMI Member=Component R15 1k
Added Member To Class: ClassName=HMI Member=Component R17 200k
Added Member To Class: ClassName=HMI Member=Component R18 4.7K
Added Member To Class: ClassName=Temp_Handling_ CH1 Member=Component U2.1 (U2) MCP9600
Added Member To Class: ClassName=Temp_Handling_ CH2 Member=Component U2.2 (U2) MCP9600
Added Member To Class: ClassName=Temp_Handling_ CH3 Member=Component U2.3 (U2) MCP9600
Added Member To Class: ClassName=Temp_Handling_ CH4 Member=Component U2.4 (U2) MCP9600
Added Member To Class: ClassName=Temp_Handling_ CH5 Member=Component U2.5 (U2) MCP9600
